2024-02-19 10:41:07,897 [INFO] Activator:176 - 


2024-02-19 10:41:07,905 [INFO] Activator:177 - !SESSION log4j initialized
2024-02-19 10:41:15,731 [INFO] LogOutputStream:77 - [STDOUT_REDIRECT] 
2024-02-19 10:41:18,612 [INFO] ApplicationProperties:184 - Using Application install path: C:\ST\STM32CubeIDE_1.14.1\STM32CubeIDE\plugins\com.st.stm32cube.common.mx_6.10.0.202311202037
2024-02-19 10:41:18,628 [INFO] DbMcusXml:78 - Set database path to: C:\ST\STM32CubeIDE_1.14.1\STM32CubeIDE\plugins\com.st.stm32cube.common.mx_6.10.0.202311202037\\db\/mcu/
2024-02-19 10:41:18,628 [INFO] ApiDb:274 - Set plugin database path to: C:\ST\STM32CubeIDE_1.14.1\STM32CubeIDE\plugins\com.st.stm32cube.common.mx_6.10.0.202311202037\\db\/plugins/boardmanager/
2024-02-19 10:41:18,628 [WARN] ApiDb:259 - Overriding images path with different value:  => C:\ST\STM32CubeIDE_1.14.1\STM32CubeIDE\plugins\com.st.stm32cube.common.mx_6.10.0.202311202037\\db\/plugins/mcufinder/images/
2024-02-19 10:41:18,643 [INFO] ApiDb:250 - Set database path to: C:\Users\germa\.stmcufinder\plugins\mcufinder//mcu/
2024-02-19 10:41:18,643 [INFO] DbMcusAds:125 - Set database path to: C:\Users\germa\.stmcufinder\plugins\mcufinder//mcu/
2024-02-19 10:41:18,643 [INFO] CrossReferenceDbSqlite:203 - Set database path to: C:\Users\germa\.stmcufinder\plugins\mcufinder//mcu/cs/
2024-02-19 10:41:18,753 [INFO] RulesReader:64 - Compatibility file has been processed (297 Rules)
2024-02-19 10:41:18,846 [INFO] DbMcusXml:78 - Set database path to: C:\ST\STM32CubeIDE_1.14.1\STM32CubeIDE\plugins\com.st.stm32cube.common.mx_6.10.0.202311202037\\db\/mcu/
2024-02-19 10:41:18,846 [INFO] ApiDb:274 - Set plugin database path to: C:\ST\STM32CubeIDE_1.14.1\STM32CubeIDE\plugins\com.st.stm32cube.common.mx_6.10.0.202311202037\\db\/plugins/boardmanager/
2024-02-19 10:41:18,846 [INFO] ApiDb:261 - Set plugin images path to: C:\ST\STM32CubeIDE_1.14.1\STM32CubeIDE\plugins\com.st.stm32cube.common.mx_6.10.0.202311202037\\db\/plugins/mcufinder/images/
2024-02-19 10:41:18,846 [WARN] DbFile:41 - Overriding database path with different value: C:\Users\germa\.stmcufinder\plugins\mcufinder/ => C:\Users\germa\.stmcufinder\plugins\mcufinder
2024-02-19 10:41:18,846 [INFO] ApiDb:250 - Set database path to: C:\Users\germa\.stmcufinder\plugins\mcufinder//mcu/
2024-02-19 10:41:18,846 [WARN] DbFile:41 - Overriding database path with different value: C:\Users\germa\.stmcufinder\plugins\mcufinder/ => C:\Users\germa\.stmcufinder\plugins\mcufinder
2024-02-19 10:41:18,846 [INFO] DbMcusAds:125 - Set database path to: C:\Users\germa\.stmcufinder\plugins\mcufinder//mcu/
2024-02-19 10:41:18,846 [WARN] DbFile:41 - Overriding database path with different value: C:\Users\germa\.stmcufinder\plugins\mcufinder/ => C:\Users\germa\.stmcufinder\plugins\mcufinder
2024-02-19 10:41:18,846 [WARN] DbFile:41 - Overriding database path with different value: C:\Users\germa\.stmcufinder\plugins\mcufinder/ => C:\Users\germa\.stmcufinder\plugins\mcufinder
2024-02-19 10:41:18,846 [INFO] CrossReferenceDbSqlite:203 - Set database path to: C:\Users\germa\.stmcufinder\plugins\mcufinder//mcu/cs/
2024-02-19 10:41:18,956 [INFO] MainPanel:264 - HeapMemory: 268435456
2024-02-19 10:41:19,065 [INFO] DbMcusXml:78 - Set database path to: C:\ST\STM32CubeIDE_1.14.1\STM32CubeIDE\plugins\com.st.stm32cube.common.mx_6.10.0.202311202037\\db\/mcu/
2024-02-19 10:41:19,065 [INFO] ApiDb:274 - Set plugin database path to: C:\ST\STM32CubeIDE_1.14.1\STM32CubeIDE\plugins\com.st.stm32cube.common.mx_6.10.0.202311202037\\db\/plugins/boardmanager/
2024-02-19 10:41:19,065 [INFO] ApiDb:261 - Set plugin images path to: C:\ST\STM32CubeIDE_1.14.1\STM32CubeIDE\plugins\com.st.stm32cube.common.mx_6.10.0.202311202037\\db\/plugins/mcufinder/images/
2024-02-19 10:41:19,081 [WARN] DbFile:41 - Overriding database path with different value: C:\Users\germa\.stmcufinder\plugins\mcufinder/ => C:\Users\germa\.stmcufinder\plugins\mcufinder
2024-02-19 10:41:19,081 [INFO] ApiDb:250 - Set database path to: C:\Users\germa\.stmcufinder\plugins\mcufinder//mcu/
2024-02-19 10:41:19,081 [WARN] DbFile:41 - Overriding database path with different value: C:\Users\germa\.stmcufinder\plugins\mcufinder/ => C:\Users\germa\.stmcufinder\plugins\mcufinder
2024-02-19 10:41:19,081 [INFO] DbMcusAds:125 - Set database path to: C:\Users\germa\.stmcufinder\plugins\mcufinder//mcu/
2024-02-19 10:41:19,081 [WARN] DbFile:41 - Overriding database path with different value: C:\Users\germa\.stmcufinder\plugins\mcufinder/ => C:\Users\germa\.stmcufinder\plugins\mcufinder
2024-02-19 10:41:19,081 [WARN] DbFile:41 - Overriding database path with different value: C:\Users\germa\.stmcufinder\plugins\mcufinder/ => C:\Users\germa\.stmcufinder\plugins\mcufinder
2024-02-19 10:41:19,081 [INFO] CrossReferenceDbSqlite:203 - Set database path to: C:\Users\germa\.stmcufinder\plugins\mcufinder//mcu/cs/
2024-02-19 10:41:19,096 [INFO] ApplicationProperties:184 - Using Application install path: C:\ST\STM32CubeIDE_1.14.1\STM32CubeIDE\plugins\com.st.stm32cube.common.mx_6.10.0.202311202037
2024-02-19 10:41:19,096 [INFO] PluginManage:196 - Search for loadable plugins [exclusion list=, ]
2024-02-19 10:41:19,096 [INFO] PluginManage:310 - Check plugin analytics
2024-02-19 10:41:19,299 [INFO] AnalyticsPlugin:253 - Accepted Software Licenses: STM32CubeMX.6.10.0
2024-02-19 10:41:19,299 [INFO] AnalyticsPlugin:255 - Accepted CMSIS Pack Licenses: 
2024-02-19 10:41:19,299 [INFO] AnalyticsPlugin:257 - Accepted Firmware Licenses: FW.L5.1.5.0,FW.C0.1.1.0,FW.L4.1.18.0
2024-02-19 10:41:19,299 [INFO] PluginManage:359 - Loaded plugin analytics (category:tool,tabindex:-1)
2024-02-19 10:41:19,299 [INFO] PluginManage:310 - Check plugin cadmodel
2024-02-19 10:41:19,331 [INFO] CADModel:105 - Init CAD model plugin
2024-02-19 10:41:19,331 [INFO] PluginManage:359 - Loaded plugin cadmodel (category:power,tabindex:5)
2024-02-19 10:41:19,331 [INFO] PluginManage:310 - Check plugin clock
2024-02-19 10:41:19,362 [INFO] PluginManage:359 - Loaded plugin clock (category:base,tabindex:2)
2024-02-19 10:41:19,362 [INFO] PluginManage:310 - Check plugin ddr
2024-02-19 10:41:19,362 [INFO] PluginManage:359 - Loaded plugin ddr (category:tool,tabindex:6)
2024-02-19 10:41:19,362 [INFO] PluginManage:310 - Check plugin filemanager
2024-02-19 10:41:19,530 [INFO] PluginManage:359 - Loaded plugin filemanager (category:base,tabindex:10)
2024-02-19 10:41:19,530 [INFO] PluginManage:310 - Check plugin ipmanager
2024-02-19 10:41:19,551 [INFO] PluginManage:359 - Loaded plugin ipmanager (category:base,tabindex:5)
2024-02-19 10:41:19,551 [INFO] PluginManage:310 - Check plugin lpbam
2024-02-19 10:41:19,566 [INFO] PluginManage:359 - Loaded plugin lpbam (category:base,tabindex:0)
2024-02-19 10:41:19,566 [INFO] PluginManage:310 - Check plugin memorymap
2024-02-19 10:41:19,582 [INFO] PluginManage:359 - Loaded plugin memorymap (category:base,tabindex:4)
2024-02-19 10:41:19,582 [INFO] PluginManage:310 - Check plugin pinoutandconfiguration
2024-02-19 10:41:19,598 [INFO] PluginManage:359 - Loaded plugin pinoutandconfiguration (category:base,tabindex:1)
2024-02-19 10:41:19,598 [INFO] PluginManage:310 - Check plugin pinoutconfig
2024-02-19 10:41:19,754 [WARN] SupportedApi:132 - Cannot load RTOS API schema: s4s-elt-must-match.1: The content of 'definitions' must match (annotation?, (simpleType | complexType)?, (unique | key | keyref)*)). A problem was found starting at: attribute.
2024-02-19 10:41:19,926 [INFO] PluginManage:359 - Loaded plugin pinoutconfig (category:base,tabindex:0)
2024-02-19 10:41:19,926 [INFO] PluginManage:310 - Check plugin power
2024-02-19 10:41:19,957 [INFO] PluginManage:359 - Loaded plugin power (category:power,tabindex:4)
2024-02-19 10:41:19,957 [INFO] PluginManage:310 - Check plugin projectmanager
2024-02-19 10:41:19,976 [INFO] PluginManage:359 - Loaded plugin projectmanager (category:projectmanager,tabindex:3)
2024-02-19 10:41:19,976 [INFO] PluginManage:310 - Check plugin thirdparty
2024-02-19 10:41:20,242 [INFO] PluginManage:359 - Loaded plugin thirdparty (category:base,tabindex:-1)
2024-02-19 10:41:20,250 [INFO] PluginManage:310 - Check plugin tools
2024-02-19 10:41:20,242 [WARN] IntegrityCheckThread:84 - waiting for thirdparty lock release [integrity check]
2024-02-19 10:41:20,250 [INFO] IntegrityCheckThread:86 - entering critical section [integrity check]
2024-02-19 10:41:20,250 [INFO] ThirdPartyUpdaterWithRetryManager:70 - Updater plugin not ready yet. [1/15]
2024-02-19 10:41:20,266 [INFO] PluginManage:359 - Loaded plugin tools (category:base,tabindex:7)
2024-02-19 10:41:20,266 [INFO] PluginManage:310 - Check plugin tutovideos
2024-02-19 10:41:20,469 [INFO] PluginManage:359 - Loaded plugin tutovideos (category:base,tabindex:-1)
2024-02-19 10:41:20,469 [INFO] PluginManage:310 - Check plugin updater
2024-02-19 10:41:20,469 [INFO] PluginManage:359 - Loaded plugin updater (category:base,tabindex:12)
2024-02-19 10:41:20,485 [INFO] PluginManage:310 - Check plugin userauth
2024-02-19 10:41:20,485 [INFO] UserAuth:114 - Init User Auth plugin
2024-02-19 10:41:20,485 [INFO] PluginManage:359 - Loaded plugin userauth (category:base,tabindex:14)
2024-02-19 10:41:20,485 [INFO] PluginManage:283 - PluginManage : Loaded plugins [17]
2024-02-19 10:41:20,711 [INFO] PinOutPanel:1499 - setPackage(No Configuration,No Configuration)
2024-02-19 10:41:20,789 [INFO] CADModel:165 - CPN selected for project level
2024-02-19 10:41:20,789 [INFO] CADModel:114 - Register for checkConnection events
2024-02-19 10:41:20,805 [INFO] IPUIPlugin:80 - create IPUIPlugin
2024-02-19 10:41:20,805 [INFO] PluginManager:220 - loadIPPluginJar : add adc
2024-02-19 10:41:20,836 [INFO] IPUIPlugin:80 - create IPUIPlugin
2024-02-19 10:41:20,836 [INFO] PluginManager:220 - loadIPPluginJar : add aes
2024-02-19 10:41:20,867 [INFO] IPUIPlugin:80 - create IPUIPlugin
2024-02-19 10:41:20,867 [INFO] PluginManager:220 - loadIPPluginJar : add can
2024-02-19 10:41:20,899 [INFO] IPUIPlugin:80 - create IPUIPlugin
2024-02-19 10:41:20,899 [INFO] PluginManager:220 - loadIPPluginJar : add comp
2024-02-19 10:41:20,914 [INFO] IPUIPlugin:80 - create IPUIPlugin
2024-02-19 10:41:20,914 [INFO] PluginManager:220 - loadIPPluginJar : add cryp
2024-02-19 10:41:20,945 [INFO] IPUIPlugin:80 - create IPUIPlugin
2024-02-19 10:41:20,945 [INFO] PluginManager:220 - loadIPPluginJar : add dfsdm
2024-02-19 10:41:20,961 [INFO] IPUIPlugin:80 - create IPUIPlugin
2024-02-19 10:41:20,961 [INFO] PluginManager:220 - loadIPPluginJar : add dma
2024-02-19 10:41:20,992 [INFO] IPUIPlugin:80 - create IPUIPlugin
2024-02-19 10:41:20,992 [INFO] PluginManager:220 - loadIPPluginJar : add dma3
2024-02-19 10:41:21,008 [INFO] IPUIPlugin:80 - create IPUIPlugin
2024-02-19 10:41:21,008 [INFO] PluginManager:220 - loadIPPluginJar : add fatfs
2024-02-19 10:41:21,055 [INFO] IPUIPlugin:80 - create IPUIPlugin
2024-02-19 10:41:21,055 [INFO] PluginManager:220 - loadIPPluginJar : add fmc
2024-02-19 10:41:21,070 [INFO] IPUIPlugin:80 - create IPUIPlugin
2024-02-19 10:41:21,070 [INFO] PluginManager:220 - loadIPPluginJar : add freertos
2024-02-19 10:41:21,086 [INFO] IPUIPlugin:80 - create IPUIPlugin
2024-02-19 10:41:21,086 [INFO] PluginManager:220 - loadIPPluginJar : add genericplugin
2024-02-19 10:41:21,164 [INFO] IPUIPlugin:80 - create IPUIPlugin
2024-02-19 10:41:21,164 [INFO] PluginManager:220 - loadIPPluginJar : add gfxmmu
2024-02-19 10:41:21,274 [INFO] IPUIPlugin:80 - create IPUIPlugin
2024-02-19 10:41:21,274 [INFO] PluginManager:220 - loadIPPluginJar : add gic
2024-02-19 10:41:21,289 [INFO] IPUIPlugin:80 - create IPUIPlugin
2024-02-19 10:41:21,289 [INFO] PluginManager:220 - loadIPPluginJar : add gpio
2024-02-19 10:41:21,367 [INFO] IPUIPlugin:80 - create IPUIPlugin
2024-02-19 10:41:21,367 [INFO] PluginManager:220 - loadIPPluginJar : add gtzc
2024-02-19 10:41:21,399 [INFO] IPUIPlugin:80 - create IPUIPlugin
2024-02-19 10:41:21,399 [INFO] PluginManager:220 - loadIPPluginJar : add hash
2024-02-19 10:41:21,445 [INFO] IPUIPlugin:80 - create IPUIPlugin
2024-02-19 10:41:21,445 [INFO] PluginManager:220 - loadIPPluginJar : add i2c
2024-02-19 10:41:21,477 [INFO] IPUIPlugin:80 - create IPUIPlugin
2024-02-19 10:41:21,477 [INFO] PluginManager:220 - loadIPPluginJar : add i2s
2024-02-19 10:41:21,508 [INFO] IPUIPlugin:80 - create IPUIPlugin
2024-02-19 10:41:21,508 [INFO] PluginManager:220 - loadIPPluginJar : add i3c
2024-02-19 10:41:21,586 [INFO] IPUIPlugin:80 - create IPUIPlugin
2024-02-19 10:41:21,586 [INFO] PluginManager:220 - loadIPPluginJar : add ipddr
2024-02-19 10:41:21,664 [INFO] IPUIPlugin:80 - create IPUIPlugin
2024-02-19 10:41:21,664 [INFO] PluginManager:220 - loadIPPluginJar : add linkedlist
2024-02-19 10:41:21,695 [INFO] IPUIPlugin:80 - create IPUIPlugin
2024-02-19 10:41:21,695 [INFO] PluginManager:220 - loadIPPluginJar : add lorawan
2024-02-19 10:41:21,727 [INFO] IPUIPlugin:80 - create IPUIPlugin
2024-02-19 10:41:21,727 [INFO] PluginManager:220 - loadIPPluginJar : add ltdc
2024-02-19 10:41:21,742 [INFO] IPUIPlugin:80 - create IPUIPlugin
2024-02-19 10:41:21,742 [INFO] PluginManager:220 - loadIPPluginJar : add mdma
2024-02-19 10:41:21,742 [INFO] IPUIPlugin:80 - create IPUIPlugin
2024-02-19 10:41:21,742 [INFO] PluginManager:220 - loadIPPluginJar : add nvic
2024-02-19 10:41:21,774 [INFO] IPUIPlugin:80 - create IPUIPlugin
2024-02-19 10:41:21,774 [INFO] PluginManager:220 - loadIPPluginJar : add opamp
2024-02-19 10:41:21,820 [INFO] IPUIPlugin:80 - create IPUIPlugin
2024-02-19 10:41:21,820 [INFO] PluginManager:220 - loadIPPluginJar : add openamp
2024-02-19 10:41:21,863 [INFO] IPUIPlugin:80 - create IPUIPlugin
2024-02-19 10:41:21,863 [INFO] PluginManager:220 - loadIPPluginJar : add pdm2pcm
2024-02-19 10:41:21,880 [INFO] IPUIPlugin:80 - create IPUIPlugin
2024-02-19 10:41:21,880 [INFO] PluginManager:220 - loadIPPluginJar : add plateformsettings
2024-02-19 10:41:21,896 [INFO] IPUIPlugin:80 - create IPUIPlugin
2024-02-19 10:41:21,896 [INFO] PluginManager:220 - loadIPPluginJar : add quadspi
2024-02-19 10:41:21,912 [INFO] IPUIPlugin:80 - create IPUIPlugin
2024-02-19 10:41:21,912 [INFO] PluginManager:220 - loadIPPluginJar : add resmgrutility
2024-02-19 10:41:21,943 [INFO] IPUIPlugin:80 - create IPUIPlugin
2024-02-19 10:41:21,943 [INFO] PluginManager:220 - loadIPPluginJar : add sai
2024-02-19 10:41:21,974 [INFO] IPUIPlugin:80 - create IPUIPlugin
2024-02-19 10:41:21,974 [INFO] PluginManager:220 - loadIPPluginJar : add spi
2024-02-19 10:41:22,037 [INFO] IPUIPlugin:80 - create IPUIPlugin
2024-02-19 10:41:22,037 [INFO] PluginManager:220 - loadIPPluginJar : add stm32_wpan
2024-02-19 10:41:22,052 [INFO] IPUIPlugin:80 - create IPUIPlugin
2024-02-19 10:41:22,052 [INFO] PluginManager:220 - loadIPPluginJar : add tim
2024-02-19 10:41:22,099 [INFO] IPUIPlugin:80 - create IPUIPlugin
2024-02-19 10:41:22,099 [INFO] PluginManager:220 - loadIPPluginJar : add touchsensing
2024-02-19 10:41:22,130 [INFO] IPUIPlugin:80 - create IPUIPlugin
2024-02-19 10:41:22,130 [INFO] PluginManager:220 - loadIPPluginJar : add tracer_emb
2024-02-19 10:41:22,146 [INFO] IPUIPlugin:80 - create IPUIPlugin
2024-02-19 10:41:22,146 [INFO] PluginManager:220 - loadIPPluginJar : add ts
2024-02-19 10:41:22,162 [INFO] IPUIPlugin:80 - create IPUIPlugin
2024-02-19 10:41:22,162 [INFO] PluginManager:220 - loadIPPluginJar : add tsc
2024-02-19 10:41:22,177 [INFO] IPUIPlugin:80 - create IPUIPlugin
2024-02-19 10:41:22,177 [INFO] PluginManager:220 - loadIPPluginJar : add ucpd
2024-02-19 10:41:22,224 [INFO] IPUIPlugin:80 - create IPUIPlugin
2024-02-19 10:41:22,224 [INFO] PluginManager:220 - loadIPPluginJar : add usart
2024-02-19 10:41:22,255 [INFO] IPUIPlugin:80 - create IPUIPlugin
2024-02-19 10:41:22,255 [INFO] PluginManager:220 - loadIPPluginJar : add usbx
2024-02-19 10:41:22,389 [INFO] CADModel:165 - CPN selected for project level
2024-02-19 10:41:22,389 [INFO] CADModel:114 - Register for checkConnection events
2024-02-19 10:41:22,389 [FATAL] Updater:308 - Updater called before beeing initialized
2024-02-19 10:41:22,389 [ERROR] CADModel:125 - Updater not yet initialized, retry later 
2024-02-19 10:41:22,556 [INFO] CADModel:165 - CPN selected for project level
2024-02-19 10:41:22,556 [INFO] CADModel:114 - Register for checkConnection events
2024-02-19 10:41:22,556 [FATAL] Updater:308 - Updater called before beeing initialized
2024-02-19 10:41:22,556 [ERROR] CADModel:125 - Updater not yet initialized, retry later 
2024-02-19 10:41:22,556 [FATAL] Updater:308 - Updater called before beeing initialized
2024-02-19 10:41:22,665 [FATAL] Updater:308 - Updater called before beeing initialized
2024-02-19 10:41:22,681 [INFO] DbMcusAds:53 - JSON generation date=Wed Nov 29 11:52:27 CET 2023 (1701255147200)
2024-02-19 10:41:22,681 [FATAL] Updater:308 - Updater called before beeing initialized
2024-02-19 10:41:22,774 [WARN] DetailPanel:346 - Failed to get advertising image, set to default
2024-02-19 10:41:22,899 [FATAL] Updater:308 - Updater called before beeing initialized
2024-02-19 10:41:22,899 [FATAL] Updater:308 - Updater called before beeing initialized
2024-02-19 10:41:22,899 [FATAL] Updater:308 - Updater called before beeing initialized
2024-02-19 10:41:22,899 [WARN] DetailPanel:346 - Failed to get advertising image, set to default
2024-02-19 10:41:22,899 [FATAL] Updater:308 - Updater called before beeing initialized
2024-02-19 10:41:22,980 [ERROR] Updater:1120 - MainUpdater not yet initialized. External WinMGr cannot be set.
2024-02-19 10:41:22,980 [INFO] Updater:1056 - Updater Version found : 6.10.0
2024-02-19 10:41:22,996 [INFO] ApplicationProperties:184 - Using Application install path: C:\ST\STM32CubeIDE_1.14.1\STM32CubeIDE\plugins\com.st.stm32cube.common.mx_6.10.0.202311202037
2024-02-19 10:41:23,261 [INFO] ThirdPartyUpdaterWithRetryManager:70 - Updater plugin not ready yet. [2/15]
2024-02-19 10:41:23,496 [INFO] MainUpdater:2873 - connection check result : 10
2024-02-19 10:41:23,496 [INFO] MainUpdater:3567 - Updater definition file requires update
2024-02-19 10:41:23,496 [INFO] MainUpdater:290 - Updater Check For Update Now.
2024-02-19 10:41:23,496 [INFO] MicroXplorer:498 - Change Database Version : DB.6.0.100
2024-02-19 10:41:23,505 [INFO] McuFinderGlobals:63 - Set McuFinder mode to 2 (CubeIDE integrated)
2024-02-19 10:41:23,677 [INFO] ServerAccessManage:473 - Download File updaters.zip
2024-02-19 10:41:23,818 [INFO] FileExtend:240 - Unzip File : updaters.zip
2024-02-19 10:41:23,818 [INFO] FileExtend:255 - Standard Zip Deflate
2024-02-19 10:41:23,880 [INFO] UserAuth:404 - Internet connection configuration mode: 1
2024-02-19 10:41:23,927 [INFO] JxBrowserEngine:152 - Initiate JxBrowser Engine with user profile folder
2024-02-19 10:41:24,428 [INFO] ServerAccessManage:473 - Download File PacksControlFlags.xml
2024-02-19 10:41:24,601 [INFO] ServerAccessManage:473 - Download File cubemx.pidx
2024-02-19 10:41:24,763 [INFO] LoadServerUpdatesThread:375 - End of LoadServerUpdate Thread
2024-02-19 10:41:25,026 [INFO] CheckServerUpdateThread:120 - End of CheckServer Thread
2024-02-19 10:41:26,482 [WARN] PackLoader:240 - Cannot read IP mode file for STMicroelectronics.X-CUBE-SMBUS.2.1.0
2024-02-19 10:41:26,498 [WARN] PackLoader:240 - Cannot read IP mode file for STMicroelectronics.X-CUBE-TOUCHGFX.4.23.0
2024-02-19 10:41:26,545 [WARN] PackLoader:240 - Cannot read IP mode file for STMicroelectronics.X-CUBE-AZRTOS-F7.1.1.0
2024-02-19 10:41:26,578 [WARN] PackLoader:240 - Cannot read IP mode file for STMicroelectronics.FP-SNS-MOTENV1.4.3.2
2024-02-19 10:41:26,608 [WARN] PackLoader:240 - Cannot read IP mode file for STMicroelectronics.FP-SNS-FLIGHT1.5.0.2
2024-02-19 10:41:26,623 [WARN] PackLoader:240 - Cannot read IP mode file for STMicroelectronics.X-CUBE-DISPLAY.3.0.0
2024-02-19 10:41:26,655 [WARN] PackLoader:240 - Cannot read IP mode file for STMicroelectronics.X-CUBE-BLE1.7.0.0
2024-02-19 10:41:26,686 [WARN] PackLoader:240 - Cannot read IP mode file for emotas.I-CUBE-CANOPEN.1.3.0
2024-02-19 10:41:26,702 [WARN] PackLoader:240 - Cannot read IP mode file for STMicroelectronics.FP-SNS-SMARTAG2.1.2.0
2024-02-19 10:41:26,733 [INFO] LogOutputStream:77 - [STDOUT_REDIRECT] 1 : Invalid condition id : UX_CORESTACK_Condition cause : null
2024-02-19 10:41:26,733 [INFO] LogOutputStream:77 - [STDOUT_REDIRECT] 1 : Invalid condition id : UX_CORESTACK_Condition cause : null
2024-02-19 10:41:26,748 [INFO] LogOutputStream:77 - [STDOUT_REDIRECT] 1 : Invalid condition id : UX_CORESTACK_Condition cause : null
2024-02-19 10:41:26,748 [INFO] LogOutputStream:77 - [STDOUT_REDIRECT] 1 : Invalid condition id : UX_CORESTACK_Condition cause : null
2024-02-19 10:41:26,748 [INFO] LogOutputStream:77 - [STDOUT_REDIRECT] 1 : Invalid condition id : UX_CORESTACK_Condition cause : null
2024-02-19 10:41:26,748 [WARN] PackLoader:240 - Cannot read IP mode file for STMicroelectronics.X-CUBE-AZRTOS-WL.2.0.0
2024-02-19 10:41:26,780 [WARN] PackLoader:240 - Cannot read IP mode file for WES.I-CUBE-Cesium.1.3.0
2024-02-19 10:41:26,795 [WARN] PackLoader:240 - Cannot read IP mode file for STMicroelectronics.X-CUBE-BLE2.3.3.0
2024-02-19 10:41:26,818 [WARN] PackLoader:240 - Cannot read IP mode file for STMicroelectronics.X-CUBE-ALGOBUILD.1.3.0
2024-02-19 10:41:26,858 [WARN] PackLoader:240 - Cannot read IP mode file for STMicroelectronics.X-CUBE-AZRTOS-G0.1.1.0
2024-02-19 10:41:26,889 [WARN] PackLoader:240 - Cannot read IP mode file for STMicroelectronics.X-CUBE-NFC4.3.0.0
2024-02-19 10:41:26,921 [WARN] PackLoader:240 - Cannot read IP mode file for STMicroelectronics.X-CUBE-BLEMGR.3.0.0
2024-02-19 10:41:26,952 [WARN] PackLoader:240 - Cannot read IP mode file for STMicroelectronics.FP-ATR-SIGFOX1.3.2.0
2024-02-19 10:41:26,968 [WARN] PackLoader:240 - Cannot read IP mode file for STMicroelectronics.X-CUBE-EEPRMA1.5.1.0
2024-02-19 10:41:27,046 [WARN] PackLoader:240 - Cannot read IP mode file for SEGGER.I-CUBE-embOS.1.3.1
2024-02-19 10:41:27,139 [WARN] PackLoader:240 - Cannot read IP mode file for STMicroelectronics.X-CUBE-GNSS1.6.0.0
2024-02-19 10:41:27,186 [WARN] PackLoader:240 - Cannot read IP mode file for STMicroelectronics.X-CUBE-AZRTOS-F4.1.1.0
2024-02-19 10:41:27,202 [WARN] PackLoader:240 - Cannot read IP mode file for wolfSSL.I-CUBE-wolfSSL.5.6.6
2024-02-19 10:41:27,249 [WARN] PackLoader:240 - Cannot read IP mode file for STMicroelectronics.X-CUBE-AZRTOS-L5.2.0.0
2024-02-19 10:41:27,280 [WARN] PackLoader:240 - Cannot read IP mode file for ITTIA_DB.I-CUBE-ITTIADB.8.8.0
2024-02-19 10:41:27,312 [WARN] PackLoader:240 - Cannot read IP mode file for STMicroelectronics.X-CUBE-NFC7.1.0.1
2024-02-19 10:41:27,344 [WARN] PackLoader:240 - Cannot read IP mode file for STMicroelectronics.X-CUBE-NFC6.3.0.0
2024-02-19 10:41:27,359 [WARN] PackLoader:240 - Cannot read IP mode file for STMicroelectronics.X-CUBE-AI.8.1.0
2024-02-19 10:41:27,438 [WARN] ConditionMgr:438 - getConditionDescription Invalid condition id : LAN8742 Phy interface Condition cause : null
2024-02-19 10:41:27,438 [WARN] PackLoader:240 - Cannot read IP mode file for STMicroelectronics.X-CUBE-AZRTOS-L4.2.0.0
2024-02-19 10:41:27,438 [WARN] ConditionMgr:1039 - genDependencies : Invalid condition id : LAN8742 Phy interface Condition cause : null
2024-02-19 10:41:27,438 [WARN] ConditionMgr:1039 - genDependencies : Invalid condition id : LAN8742 Phy interface Condition cause : null
2024-02-19 10:41:27,438 [WARN] ConditionMgr:1039 - genDependencies : Invalid condition id : LAN8742 Phy interface Condition cause : null
2024-02-19 10:41:27,469 [WARN] PackLoader:240 - Cannot read IP mode file for STMicroelectronics.X-CUBE-SFXS2LP1.4.0.0
2024-02-19 10:41:27,517 [WARN] ConditionMgr:438 - getConditionDescription Invalid condition id : UX DEVICE CLASS RTOS Condition cause : null
2024-02-19 10:41:27,517 [WARN] ConditionMgr:438 - getConditionDescription Invalid condition id : UX DEVICE CLASS RTOS Condition cause : null
2024-02-19 10:41:27,517 [WARN] PackLoader:240 - Cannot read IP mode file for STMicroelectronics.X-CUBE-AZRTOS-WB.2.0.0
2024-02-19 10:41:27,517 [WARN] ConditionMgr:1039 - genDependencies : Invalid condition id : UX DEVICE CLASS RTOS Condition cause : null
2024-02-19 10:41:27,517 [WARN] ConditionMgr:1039 - genDependencies : Invalid condition id : UX DEVICE CLASS RTOS Condition cause : null
2024-02-19 10:41:27,517 [WARN] ConditionMgr:1039 - genDependencies : Invalid condition id : UX DEVICE CLASS RTOS Condition cause : null
2024-02-19 10:41:27,532 [WARN] ConditionMgr:1039 - genDependencies : Invalid condition id : UX DEVICE CLASS RTOS Condition cause : null
2024-02-19 10:41:27,532 [WARN] ConditionMgr:1039 - genDependencies : Invalid condition id : UX DEVICE CLASS RTOS Condition cause : null
2024-02-19 10:41:27,564 [WARN] PackLoader:240 - Cannot read IP mode file for STMicroelectronics.X-CUBE-SUBG2.5.0.0
2024-02-19 10:41:27,641 [WARN] PackLoader:240 - Cannot read IP mode file for STMicroelectronics.X-CUBE-AZRTOS-G4.2.0.0
2024-02-19 10:41:27,677 [WARN] PackLoader:240 - Cannot read IP mode file for Infineon.AIROC-Wi-Fi-Bluetooth-STM32.1.5.1
2024-02-19 10:41:27,709 [WARN] PackLoader:240 - Cannot read IP mode file for STMicroelectronics.FP-SNS-MOTENVWB1.1.3.1
2024-02-19 10:41:27,740 [WARN] PackLoader:240 - Cannot read IP mode file for STMicroelectronics.X-CUBE-ISPU.2.0.0
2024-02-19 10:41:27,944 [WARN] PackLoader:240 - Cannot read IP mode file for STMicroelectronics.X-CUBE-MEMS1.10.0.0
2024-02-19 10:41:28,260 [WARN] PackLoader:240 - Cannot read IP mode file for STMicroelectronics.X-CUBE-FREERTOS.1.1.0
2024-02-19 10:41:28,296 [WARN] PackLoader:240 - Cannot read IP mode file for portGmbH.I-Cube-SoM-uGOAL.1.1.0
2024-02-19 10:41:28,327 [WARN] PackLoader:240 - Cannot read IP mode file for STMicroelectronics.X-CUBE-ALS.1.0.1
2024-02-19 10:41:28,421 [WARN] PackLoader:240 - Cannot read IP mode file for STMicroelectronics.FP-ATR-ASTRA1.2.0.0
2024-02-19 10:41:28,510 [WARN] PackLoader:240 - Cannot read IP mode file for STMicroelectronics.X-CUBE-TOF1.3.4.0
2024-02-19 10:41:28,767 [WARN] PackLoader:240 - Cannot read IP mode file for STMicroelectronics.X-CUBE-AZRTOS-H7.3.2.0
2024-02-19 10:41:28,767 [INFO] ThirdParty:978 - Integrity check success = true
2024-02-19 10:41:28,767 [INFO] IntegrityCheckThread:100 - exiting critical section [integrity check]
2024-02-19 10:41:28,767 [INFO] IntegrityCheckThread:103 - End integrity checks thread
2024-02-19 10:41:28,829 [INFO] WebApp:161 - Instantiating new browser for Auth
2024-02-19 10:41:29,911 [INFO] WebApp:780 - Register for checkConnection events
2024-02-19 10:41:29,911 [INFO] WebApp:414 - Apply proxy settings
2024-02-19 10:41:29,911 [INFO] WebApp:499 - Chromium requires no authentication
2024-02-19 10:41:29,921 [INFO] WebApp:442 - Direct internet connection detected
2024-02-19 10:41:30,118 [INFO] WebApp:192 - Starting web application
2024-02-19 10:41:30,118 [INFO] WebApp:544 - Web application path used C:\ST\STM32CubeIDE_1.14.1\STM32CubeIDE\plugins\com.st.stm32cube.common.mx_6.10.0.202311202037\db\plugins\mcufinder\reactClient1\index.html
2024-02-19 10:41:51,127 [ERROR] LogOutputStream:75 - [STDERR_REDIRECT] SLF4J: Failed to load class "org.slf4j.impl.StaticLoggerBinder".
2024-02-19 10:41:51,127 [ERROR] LogOutputStream:75 - [STDERR_REDIRECT] SLF4J: Defaulting to no-operation (NOP) logger implementation
2024-02-19 10:41:51,128 [ERROR] LogOutputStream:75 - [STDERR_REDIRECT] SLF4J: See http://www.slf4j.org/codes.html#StaticLoggerBinder for further details.
2024-02-19 10:43:41,551 [ERROR] LogOutputStream:75 - [STDERR_REDIRECT] 
2024-02-19 19:46:44,477 [INFO] Activator:176 - 


2024-02-19 19:46:44,480 [INFO] Activator:177 - !SESSION log4j initialized
2024-02-19 19:46:51,118 [INFO] LogOutputStream:77 - [STDOUT_REDIRECT] 
2024-02-19 19:46:53,016 [INFO] ApplicationProperties:184 - Using Application install path: C:\ST\STM32CubeIDE_1.14.1\STM32CubeIDE\plugins\com.st.stm32cube.common.mx_6.10.0.202311202037
2024-02-19 19:46:53,048 [INFO] DbMcusXml:78 - Set database path to: C:\ST\STM32CubeIDE_1.14.1\STM32CubeIDE\plugins\com.st.stm32cube.common.mx_6.10.0.202311202037\\db\/mcu/
2024-02-19 19:46:53,048 [INFO] ApiDb:274 - Set plugin database path to: C:\ST\STM32CubeIDE_1.14.1\STM32CubeIDE\plugins\com.st.stm32cube.common.mx_6.10.0.202311202037\\db\/plugins/boardmanager/
2024-02-19 19:46:53,049 [WARN] ApiDb:259 - Overriding images path with different value:  => C:\ST\STM32CubeIDE_1.14.1\STM32CubeIDE\plugins\com.st.stm32cube.common.mx_6.10.0.202311202037\\db\/plugins/mcufinder/images/
2024-02-19 19:46:53,066 [INFO] ApiDb:250 - Set database path to: C:\Users\germa\.stmcufinder\plugins\mcufinder//mcu/
2024-02-19 19:46:53,068 [INFO] DbMcusAds:125 - Set database path to: C:\Users\germa\.stmcufinder\plugins\mcufinder//mcu/
2024-02-19 19:46:53,071 [INFO] CrossReferenceDbSqlite:203 - Set database path to: C:\Users\germa\.stmcufinder\plugins\mcufinder//mcu/cs/
2024-02-19 19:46:53,247 [INFO] RulesReader:64 - Compatibility file has been processed (297 Rules)
2024-02-19 19:46:53,367 [INFO] DbMcusXml:78 - Set database path to: C:\ST\STM32CubeIDE_1.14.1\STM32CubeIDE\plugins\com.st.stm32cube.common.mx_6.10.0.202311202037\\db\/mcu/
2024-02-19 19:46:53,367 [INFO] ApiDb:274 - Set plugin database path to: C:\ST\STM32CubeIDE_1.14.1\STM32CubeIDE\plugins\com.st.stm32cube.common.mx_6.10.0.202311202037\\db\/plugins/boardmanager/
2024-02-19 19:46:53,367 [INFO] ApiDb:261 - Set plugin images path to: C:\ST\STM32CubeIDE_1.14.1\STM32CubeIDE\plugins\com.st.stm32cube.common.mx_6.10.0.202311202037\\db\/plugins/mcufinder/images/
2024-02-19 19:46:53,367 [WARN] DbFile:41 - Overriding database path with different value: C:\Users\germa\.stmcufinder\plugins\mcufinder/ => C:\Users\germa\.stmcufinder\plugins\mcufinder
2024-02-19 19:46:53,367 [INFO] ApiDb:250 - Set database path to: C:\Users\germa\.stmcufinder\plugins\mcufinder//mcu/
2024-02-19 19:46:53,367 [WARN] DbFile:41 - Overriding database path with different value: C:\Users\germa\.stmcufinder\plugins\mcufinder/ => C:\Users\germa\.stmcufinder\plugins\mcufinder
2024-02-19 19:46:53,368 [INFO] DbMcusAds:125 - Set database path to: C:\Users\germa\.stmcufinder\plugins\mcufinder//mcu/
2024-02-19 19:46:53,368 [WARN] DbFile:41 - Overriding database path with different value: C:\Users\germa\.stmcufinder\plugins\mcufinder/ => C:\Users\germa\.stmcufinder\plugins\mcufinder
2024-02-19 19:46:53,368 [WARN] DbFile:41 - Overriding database path with different value: C:\Users\germa\.stmcufinder\plugins\mcufinder/ => C:\Users\germa\.stmcufinder\plugins\mcufinder
2024-02-19 19:46:53,368 [INFO] CrossReferenceDbSqlite:203 - Set database path to: C:\Users\germa\.stmcufinder\plugins\mcufinder//mcu/cs/
2024-02-19 19:46:53,476 [INFO] MainPanel:264 - HeapMemory: 268435456
2024-02-19 19:46:53,663 [INFO] DbMcusXml:78 - Set database path to: C:\ST\STM32CubeIDE_1.14.1\STM32CubeIDE\plugins\com.st.stm32cube.common.mx_6.10.0.202311202037\\db\/mcu/
2024-02-19 19:46:53,664 [INFO] ApiDb:274 - Set plugin database path to: C:\ST\STM32CubeIDE_1.14.1\STM32CubeIDE\plugins\com.st.stm32cube.common.mx_6.10.0.202311202037\\db\/plugins/boardmanager/
2024-02-19 19:46:53,664 [INFO] ApiDb:261 - Set plugin images path to: C:\ST\STM32CubeIDE_1.14.1\STM32CubeIDE\plugins\com.st.stm32cube.common.mx_6.10.0.202311202037\\db\/plugins/mcufinder/images/
2024-02-19 19:46:53,665 [WARN] DbFile:41 - Overriding database path with different value: C:\Users\germa\.stmcufinder\plugins\mcufinder/ => C:\Users\germa\.stmcufinder\plugins\mcufinder
2024-02-19 19:46:53,665 [INFO] ApiDb:250 - Set database path to: C:\Users\germa\.stmcufinder\plugins\mcufinder//mcu/
2024-02-19 19:46:53,665 [WARN] DbFile:41 - Overriding database path with different value: C:\Users\germa\.stmcufinder\plugins\mcufinder/ => C:\Users\germa\.stmcufinder\plugins\mcufinder
2024-02-19 19:46:53,665 [INFO] DbMcusAds:125 - Set database path to: C:\Users\germa\.stmcufinder\plugins\mcufinder//mcu/
2024-02-19 19:46:53,665 [WARN] DbFile:41 - Overriding database path with different value: C:\Users\germa\.stmcufinder\plugins\mcufinder/ => C:\Users\germa\.stmcufinder\plugins\mcufinder
2024-02-19 19:46:53,666 [WARN] DbFile:41 - Overriding database path with different value: C:\Users\germa\.stmcufinder\plugins\mcufinder/ => C:\Users\germa\.stmcufinder\plugins\mcufinder
2024-02-19 19:46:53,666 [INFO] CrossReferenceDbSqlite:203 - Set database path to: C:\Users\germa\.stmcufinder\plugins\mcufinder//mcu/cs/
2024-02-19 19:46:53,694 [INFO] ApplicationProperties:184 - Using Application install path: C:\ST\STM32CubeIDE_1.14.1\STM32CubeIDE\plugins\com.st.stm32cube.common.mx_6.10.0.202311202037
2024-02-19 19:46:53,698 [INFO] PluginManage:196 - Search for loadable plugins [exclusion list=, ]
2024-02-19 19:46:53,701 [INFO] PluginManage:310 - Check plugin analytics
2024-02-19 19:46:54,006 [INFO] AnalyticsPlugin:253 - Accepted Software Licenses: STM32CubeMX.6.10.0
2024-02-19 19:46:54,008 [INFO] AnalyticsPlugin:255 - Accepted CMSIS Pack Licenses: 
2024-02-19 19:46:54,008 [INFO] AnalyticsPlugin:257 - Accepted Firmware Licenses: FW.L5.1.5.0,FW.C0.1.1.0,FW.L4.1.18.0
2024-02-19 19:46:54,015 [INFO] PluginManage:359 - Loaded plugin analytics (category:tool,tabindex:-1)
2024-02-19 19:46:54,016 [INFO] PluginManage:310 - Check plugin cadmodel
2024-02-19 19:46:54,026 [INFO] CADModel:105 - Init CAD model plugin
2024-02-19 19:46:54,026 [INFO] PluginManage:359 - Loaded plugin cadmodel (category:power,tabindex:5)
2024-02-19 19:46:54,027 [INFO] PluginManage:310 - Check plugin clock
2024-02-19 19:46:54,049 [INFO] PluginManage:359 - Loaded plugin clock (category:base,tabindex:2)
2024-02-19 19:46:54,049 [INFO] PluginManage:310 - Check plugin ddr
2024-02-19 19:46:54,053 [INFO] PluginManage:359 - Loaded plugin ddr (category:tool,tabindex:6)
2024-02-19 19:46:54,053 [INFO] PluginManage:310 - Check plugin filemanager
2024-02-19 19:46:54,275 [INFO] PluginManage:359 - Loaded plugin filemanager (category:base,tabindex:10)
2024-02-19 19:46:54,275 [INFO] PluginManage:310 - Check plugin ipmanager
2024-02-19 19:46:54,287 [INFO] PluginManage:359 - Loaded plugin ipmanager (category:base,tabindex:5)
2024-02-19 19:46:54,288 [INFO] PluginManage:310 - Check plugin lpbam
2024-02-19 19:46:54,298 [INFO] PluginManage:359 - Loaded plugin lpbam (category:base,tabindex:0)
2024-02-19 19:46:54,298 [INFO] PluginManage:310 - Check plugin memorymap
2024-02-19 19:46:54,321 [INFO] PluginManage:359 - Loaded plugin memorymap (category:base,tabindex:4)
2024-02-19 19:46:54,321 [INFO] PluginManage:310 - Check plugin pinoutandconfiguration
2024-02-19 19:46:54,332 [INFO] PluginManage:359 - Loaded plugin pinoutandconfiguration (category:base,tabindex:1)
2024-02-19 19:46:54,333 [INFO] PluginManage:310 - Check plugin pinoutconfig
2024-02-19 19:46:54,455 [WARN] SupportedApi:132 - Cannot load RTOS API schema: s4s-elt-must-match.1: The content of 'definitions' must match (annotation?, (simpleType | complexType)?, (unique | key | keyref)*)). A problem was found starting at: attribute.
2024-02-19 19:46:54,721 [INFO] PluginManage:359 - Loaded plugin pinoutconfig (category:base,tabindex:0)
2024-02-19 19:46:54,721 [INFO] PluginManage:310 - Check plugin power
2024-02-19 19:46:54,739 [INFO] PluginManage:359 - Loaded plugin power (category:power,tabindex:4)
2024-02-19 19:46:54,740 [INFO] PluginManage:310 - Check plugin projectmanager
2024-02-19 19:46:54,765 [INFO] PluginManage:359 - Loaded plugin projectmanager (category:projectmanager,tabindex:3)
2024-02-19 19:46:54,765 [INFO] PluginManage:310 - Check plugin thirdparty
2024-02-19 19:46:54,991 [INFO] PluginManage:359 - Loaded plugin thirdparty (category:base,tabindex:-1)
2024-02-19 19:46:54,991 [WARN] IntegrityCheckThread:84 - waiting for thirdparty lock release [integrity check]
2024-02-19 19:46:54,991 [INFO] PluginManage:310 - Check plugin tools
2024-02-19 19:46:54,991 [INFO] IntegrityCheckThread:86 - entering critical section [integrity check]
2024-02-19 19:46:54,992 [INFO] ThirdPartyUpdaterWithRetryManager:70 - Updater plugin not ready yet. [1/15]
2024-02-19 19:46:54,995 [INFO] PluginManage:359 - Loaded plugin tools (category:base,tabindex:7)
2024-02-19 19:46:54,995 [INFO] PluginManage:310 - Check plugin tutovideos
2024-02-19 19:46:55,321 [INFO] PluginManage:359 - Loaded plugin tutovideos (category:base,tabindex:-1)
2024-02-19 19:46:55,321 [INFO] PluginManage:310 - Check plugin updater
2024-02-19 19:46:55,339 [INFO] PluginManage:359 - Loaded plugin updater (category:base,tabindex:12)
2024-02-19 19:46:55,339 [INFO] PluginManage:310 - Check plugin userauth
2024-02-19 19:46:55,348 [INFO] UserAuth:114 - Init User Auth plugin
2024-02-19 19:46:55,348 [INFO] PluginManage:359 - Loaded plugin userauth (category:base,tabindex:14)
2024-02-19 19:46:55,349 [INFO] PluginManage:283 - PluginManage : Loaded plugins [17]
2024-02-19 19:46:55,687 [INFO] PinOutPanel:1499 - setPackage(No Configuration,No Configuration)
2024-02-19 19:46:55,783 [INFO] CADModel:165 - CPN selected for project level
2024-02-19 19:46:55,783 [INFO] CADModel:114 - Register for checkConnection events
2024-02-19 19:46:55,807 [INFO] IPUIPlugin:80 - create IPUIPlugin
2024-02-19 19:46:55,807 [INFO] PluginManager:220 - loadIPPluginJar : add adc
2024-02-19 19:46:55,810 [INFO] IPUIPlugin:80 - create IPUIPlugin
2024-02-19 19:46:55,810 [INFO] PluginManager:220 - loadIPPluginJar : add aes
2024-02-19 19:46:55,815 [INFO] IPUIPlugin:80 - create IPUIPlugin
2024-02-19 19:46:55,815 [INFO] PluginManager:220 - loadIPPluginJar : add can
2024-02-19 19:46:55,817 [INFO] IPUIPlugin:80 - create IPUIPlugin
2024-02-19 19:46:55,817 [INFO] PluginManager:220 - loadIPPluginJar : add comp
2024-02-19 19:46:55,820 [INFO] IPUIPlugin:80 - create IPUIPlugin
2024-02-19 19:46:55,821 [INFO] PluginManager:220 - loadIPPluginJar : add cryp
2024-02-19 19:46:55,823 [INFO] IPUIPlugin:80 - create IPUIPlugin
2024-02-19 19:46:55,823 [INFO] PluginManager:220 - loadIPPluginJar : add dfsdm
2024-02-19 19:46:55,830 [INFO] IPUIPlugin:80 - create IPUIPlugin
2024-02-19 19:46:55,831 [INFO] PluginManager:220 - loadIPPluginJar : add dma
2024-02-19 19:46:55,835 [INFO] IPUIPlugin:80 - create IPUIPlugin
2024-02-19 19:46:55,835 [INFO] PluginManager:220 - loadIPPluginJar : add dma3
2024-02-19 19:46:55,837 [INFO] IPUIPlugin:80 - create IPUIPlugin
2024-02-19 19:46:55,837 [INFO] PluginManager:220 - loadIPPluginJar : add fatfs
2024-02-19 19:46:55,841 [INFO] IPUIPlugin:80 - create IPUIPlugin
2024-02-19 19:46:55,842 [INFO] PluginManager:220 - loadIPPluginJar : add fmc
2024-02-19 19:46:55,850 [INFO] IPUIPlugin:80 - create IPUIPlugin
2024-02-19 19:46:55,850 [INFO] PluginManager:220 - loadIPPluginJar : add freertos
2024-02-19 19:46:55,852 [INFO] IPUIPlugin:80 - create IPUIPlugin
2024-02-19 19:46:55,852 [INFO] PluginManager:220 - loadIPPluginJar : add genericplugin
2024-02-19 19:46:55,856 [INFO] IPUIPlugin:80 - create IPUIPlugin
2024-02-19 19:46:55,856 [INFO] PluginManager:220 - loadIPPluginJar : add gfxmmu
2024-02-19 19:46:55,862 [INFO] IPUIPlugin:80 - create IPUIPlugin
2024-02-19 19:46:55,863 [INFO] PluginManager:220 - loadIPPluginJar : add gic
2024-02-19 19:46:55,868 [INFO] IPUIPlugin:80 - create IPUIPlugin
2024-02-19 19:46:55,868 [INFO] PluginManager:220 - loadIPPluginJar : add gpio
2024-02-19 19:46:55,872 [INFO] IPUIPlugin:80 - create IPUIPlugin
2024-02-19 19:46:55,872 [INFO] PluginManager:220 - loadIPPluginJar : add gtzc
2024-02-19 19:46:55,875 [INFO] IPUIPlugin:80 - create IPUIPlugin
2024-02-19 19:46:55,875 [INFO] PluginManager:220 - loadIPPluginJar : add hash
2024-02-19 19:46:55,878 [INFO] IPUIPlugin:80 - create IPUIPlugin
2024-02-19 19:46:55,879 [INFO] PluginManager:220 - loadIPPluginJar : add i2c
2024-02-19 19:46:55,882 [INFO] IPUIPlugin:80 - create IPUIPlugin
2024-02-19 19:46:55,882 [INFO] PluginManager:220 - loadIPPluginJar : add i2s
2024-02-19 19:46:55,885 [INFO] IPUIPlugin:80 - create IPUIPlugin
2024-02-19 19:46:55,886 [INFO] PluginManager:220 - loadIPPluginJar : add i3c
2024-02-19 19:46:55,889 [INFO] IPUIPlugin:80 - create IPUIPlugin
2024-02-19 19:46:55,889 [INFO] PluginManager:220 - loadIPPluginJar : add ipddr
2024-02-19 19:46:55,898 [INFO] IPUIPlugin:80 - create IPUIPlugin
2024-02-19 19:46:55,898 [INFO] PluginManager:220 - loadIPPluginJar : add linkedlist
2024-02-19 19:46:55,902 [INFO] IPUIPlugin:80 - create IPUIPlugin
2024-02-19 19:46:55,902 [INFO] PluginManager:220 - loadIPPluginJar : add lorawan
2024-02-19 19:46:55,907 [INFO] IPUIPlugin:80 - create IPUIPlugin
2024-02-19 19:46:55,909 [INFO] PluginManager:220 - loadIPPluginJar : add ltdc
2024-02-19 19:46:55,917 [INFO] IPUIPlugin:80 - create IPUIPlugin
2024-02-19 19:46:55,917 [INFO] PluginManager:220 - loadIPPluginJar : add mdma
2024-02-19 19:46:55,925 [INFO] IPUIPlugin:80 - create IPUIPlugin
2024-02-19 19:46:55,926 [INFO] PluginManager:220 - loadIPPluginJar : add nvic
2024-02-19 19:46:55,930 [INFO] IPUIPlugin:80 - create IPUIPlugin
2024-02-19 19:46:55,930 [INFO] PluginManager:220 - loadIPPluginJar : add opamp
2024-02-19 19:46:55,934 [INFO] IPUIPlugin:80 - create IPUIPlugin
2024-02-19 19:46:55,934 [INFO] PluginManager:220 - loadIPPluginJar : add openamp
2024-02-19 19:46:55,939 [INFO] IPUIPlugin:80 - create IPUIPlugin
2024-02-19 19:46:55,939 [INFO] PluginManager:220 - loadIPPluginJar : add pdm2pcm
2024-02-19 19:46:55,948 [INFO] IPUIPlugin:80 - create IPUIPlugin
2024-02-19 19:46:55,951 [INFO] PluginManager:220 - loadIPPluginJar : add plateformsettings
2024-02-19 19:46:55,954 [INFO] IPUIPlugin:80 - create IPUIPlugin
2024-02-19 19:46:55,955 [INFO] PluginManager:220 - loadIPPluginJar : add quadspi
2024-02-19 19:46:55,960 [INFO] IPUIPlugin:80 - create IPUIPlugin
2024-02-19 19:46:55,960 [INFO] PluginManager:220 - loadIPPluginJar : add resmgrutility
2024-02-19 19:46:55,966 [INFO] IPUIPlugin:80 - create IPUIPlugin
2024-02-19 19:46:55,966 [INFO] PluginManager:220 - loadIPPluginJar : add sai
2024-02-19 19:46:55,970 [INFO] IPUIPlugin:80 - create IPUIPlugin
2024-02-19 19:46:55,971 [INFO] PluginManager:220 - loadIPPluginJar : add spi
2024-02-19 19:46:55,979 [INFO] IPUIPlugin:80 - create IPUIPlugin
2024-02-19 19:46:55,979 [INFO] PluginManager:220 - loadIPPluginJar : add stm32_wpan
2024-02-19 19:46:55,983 [INFO] IPUIPlugin:80 - create IPUIPlugin
2024-02-19 19:46:55,983 [INFO] PluginManager:220 - loadIPPluginJar : add tim
2024-02-19 19:46:55,987 [INFO] IPUIPlugin:80 - create IPUIPlugin
2024-02-19 19:46:55,987 [INFO] PluginManager:220 - loadIPPluginJar : add touchsensing
2024-02-19 19:46:55,991 [INFO] IPUIPlugin:80 - create IPUIPlugin
2024-02-19 19:46:55,991 [INFO] PluginManager:220 - loadIPPluginJar : add tracer_emb
2024-02-19 19:46:55,994 [INFO] IPUIPlugin:80 - create IPUIPlugin
2024-02-19 19:46:55,994 [INFO] PluginManager:220 - loadIPPluginJar : add ts
2024-02-19 19:46:55,997 [INFO] IPUIPlugin:80 - create IPUIPlugin
2024-02-19 19:46:55,998 [INFO] PluginManager:220 - loadIPPluginJar : add tsc
2024-02-19 19:46:56,002 [INFO] IPUIPlugin:80 - create IPUIPlugin
2024-02-19 19:46:56,002 [INFO] PluginManager:220 - loadIPPluginJar : add ucpd
2024-02-19 19:46:56,006 [INFO] IPUIPlugin:80 - create IPUIPlugin
2024-02-19 19:46:56,006 [INFO] PluginManager:220 - loadIPPluginJar : add usart
2024-02-19 19:46:56,011 [INFO] IPUIPlugin:80 - create IPUIPlugin
2024-02-19 19:46:56,011 [INFO] PluginManager:220 - loadIPPluginJar : add usbx
2024-02-19 19:46:56,177 [INFO] CADModel:165 - CPN selected for project level
2024-02-19 19:46:56,178 [INFO] CADModel:114 - Register for checkConnection events
2024-02-19 19:46:56,178 [FATAL] Updater:308 - Updater called before beeing initialized
2024-02-19 19:46:56,178 [ERROR] CADModel:125 - Updater not yet initialized, retry later 
2024-02-19 19:46:56,371 [INFO] CADModel:165 - CPN selected for project level
2024-02-19 19:46:56,372 [INFO] CADModel:114 - Register for checkConnection events
2024-02-19 19:46:56,372 [FATAL] Updater:308 - Updater called before beeing initialized
2024-02-19 19:46:56,372 [ERROR] CADModel:125 - Updater not yet initialized, retry later 
2024-02-19 19:46:56,376 [FATAL] Updater:308 - Updater called before beeing initialized
2024-02-19 19:46:56,520 [FATAL] Updater:308 - Updater called before beeing initialized
2024-02-19 19:46:56,524 [INFO] DbMcusAds:53 - JSON generation date=Wed Nov 29 11:52:27 CET 2023 (1701255147200)
2024-02-19 19:46:56,524 [FATAL] Updater:308 - Updater called before beeing initialized
2024-02-19 19:46:56,578 [WARN] DetailPanel:346 - Failed to get advertising image, set to default
2024-02-19 19:46:56,757 [FATAL] Updater:308 - Updater called before beeing initialized
2024-02-19 19:46:56,759 [FATAL] Updater:308 - Updater called before beeing initialized
2024-02-19 19:46:56,760 [FATAL] Updater:308 - Updater called before beeing initialized
2024-02-19 19:46:56,760 [WARN] DetailPanel:346 - Failed to get advertising image, set to default
2024-02-19 19:46:56,761 [FATAL] Updater:308 - Updater called before beeing initialized
2024-02-19 19:46:56,865 [ERROR] Updater:1120 - MainUpdater not yet initialized. External WinMGr cannot be set.
2024-02-19 19:46:56,868 [INFO] Updater:1056 - Updater Version found : 6.10.0
2024-02-19 19:46:56,894 [INFO] ApplicationProperties:184 - Using Application install path: C:\ST\STM32CubeIDE_1.14.1\STM32CubeIDE\plugins\com.st.stm32cube.common.mx_6.10.0.202311202037
2024-02-19 19:46:57,279 [INFO] MainUpdater:2873 - connection check result : 10
2024-02-19 19:46:57,280 [INFO] MainUpdater:290 - Updater Check For Update Now.
2024-02-19 19:46:57,281 [INFO] MicroXplorer:498 - Change Database Version : DB.6.0.100
2024-02-19 19:46:57,299 [INFO] McuFinderGlobals:63 - Set McuFinder mode to 2 (CubeIDE integrated)
2024-02-19 19:46:57,507 [INFO] CheckServerUpdateThread:120 - End of CheckServer Thread
2024-02-19 19:46:57,637 [INFO] UserAuth:404 - Internet connection configuration mode: 1
2024-02-19 19:46:57,673 [INFO] JxBrowserEngine:152 - Initiate JxBrowser Engine with user profile folder
2024-02-19 19:46:58,205 [WARN] PackLoader:240 - Cannot read IP mode file for STMicroelectronics.X-CUBE-SMBUS.2.1.0
2024-02-19 19:46:58,213 [WARN] PackLoader:240 - Cannot read IP mode file for STMicroelectronics.X-CUBE-TOUCHGFX.4.23.0
2024-02-19 19:46:58,250 [WARN] PackLoader:240 - Cannot read IP mode file for STMicroelectronics.X-CUBE-AZRTOS-F7.1.1.0
2024-02-19 19:46:58,324 [WARN] PackLoader:240 - Cannot read IP mode file for STMicroelectronics.FP-SNS-MOTENV1.4.3.2
2024-02-19 19:46:58,335 [WARN] PackLoader:240 - Cannot read IP mode file for STMicroelectronics.FP-SNS-FLIGHT1.5.0.2
2024-02-19 19:46:58,347 [WARN] PackLoader:240 - Cannot read IP mode file for STMicroelectronics.X-CUBE-DISPLAY.3.0.0
2024-02-19 19:46:58,369 [WARN] PackLoader:240 - Cannot read IP mode file for STMicroelectronics.X-CUBE-BLE1.7.0.0
2024-02-19 19:46:58,379 [WARN] PackLoader:240 - Cannot read IP mode file for emotas.I-CUBE-CANOPEN.1.3.0
2024-02-19 19:46:58,542 [WARN] PackLoader:240 - Cannot read IP mode file for STMicroelectronics.FP-SNS-SMARTAG2.1.2.0
2024-02-19 19:46:58,568 [INFO] LogOutputStream:77 - [STDOUT_REDIRECT] 1 : Invalid condition id : UX_CORESTACK_Condition cause : null
2024-02-19 19:46:58,569 [INFO] LogOutputStream:77 - [STDOUT_REDIRECT] 1 : Invalid condition id : UX_CORESTACK_Condition cause : null
2024-02-19 19:46:58,572 [INFO] LogOutputStream:77 - [STDOUT_REDIRECT] 1 : Invalid condition id : UX_CORESTACK_Condition cause : null
2024-02-19 19:46:58,575 [INFO] LogOutputStream:77 - [STDOUT_REDIRECT] 1 : Invalid condition id : UX_CORESTACK_Condition cause : null
2024-02-19 19:46:58,578 [INFO] LogOutputStream:77 - [STDOUT_REDIRECT] 1 : Invalid condition id : UX_CORESTACK_Condition cause : null
2024-02-19 19:46:58,589 [WARN] PackLoader:240 - Cannot read IP mode file for STMicroelectronics.X-CUBE-AZRTOS-WL.2.0.0
2024-02-19 19:46:58,610 [WARN] PackLoader:240 - Cannot read IP mode file for WES.I-CUBE-Cesium.1.3.0
2024-02-19 19:46:58,620 [WARN] PackLoader:240 - Cannot read IP mode file for STMicroelectronics.X-CUBE-BLE2.3.3.0
2024-02-19 19:46:58,634 [WARN] PackLoader:240 - Cannot read IP mode file for STMicroelectronics.X-CUBE-ALGOBUILD.1.3.0
2024-02-19 19:46:58,659 [WARN] PackLoader:240 - Cannot read IP mode file for STMicroelectronics.X-CUBE-AZRTOS-G0.1.1.0
2024-02-19 19:46:58,670 [WARN] PackLoader:240 - Cannot read IP mode file for STMicroelectronics.X-CUBE-NFC4.3.0.0
2024-02-19 19:46:58,682 [WARN] PackLoader:240 - Cannot read IP mode file for STMicroelectronics.X-CUBE-BLEMGR.3.0.0
2024-02-19 19:46:58,696 [WARN] PackLoader:240 - Cannot read IP mode file for STMicroelectronics.FP-ATR-SIGFOX1.3.2.0
2024-02-19 19:46:58,702 [WARN] PackLoader:240 - Cannot read IP mode file for STMicroelectronics.X-CUBE-EEPRMA1.5.1.0
2024-02-19 19:46:58,747 [WARN] PackLoader:240 - Cannot read IP mode file for SEGGER.I-CUBE-embOS.1.3.1
2024-02-19 19:46:58,810 [WARN] PackLoader:240 - Cannot read IP mode file for STMicroelectronics.X-CUBE-GNSS1.6.0.0
2024-02-19 19:46:58,852 [WARN] PackLoader:240 - Cannot read IP mode file for STMicroelectronics.X-CUBE-AZRTOS-F4.1.1.0
2024-02-19 19:46:58,868 [WARN] PackLoader:240 - Cannot read IP mode file for wolfSSL.I-CUBE-wolfSSL.5.6.6
2024-02-19 19:46:59,027 [WARN] PackLoader:240 - Cannot read IP mode file for STMicroelectronics.X-CUBE-AZRTOS-L5.2.0.0
2024-02-19 19:46:59,043 [WARN] PackLoader:240 - Cannot read IP mode file for ITTIA_DB.I-CUBE-ITTIADB.8.8.0
2024-02-19 19:46:59,052 [WARN] PackLoader:240 - Cannot read IP mode file for STMicroelectronics.X-CUBE-NFC7.1.0.1
2024-02-19 19:46:59,067 [WARN] PackLoader:240 - Cannot read IP mode file for STMicroelectronics.X-CUBE-NFC6.3.0.0
2024-02-19 19:46:59,077 [WARN] PackLoader:240 - Cannot read IP mode file for STMicroelectronics.X-CUBE-AI.8.1.0
2024-02-19 19:46:59,107 [WARN] ConditionMgr:438 - getConditionDescription Invalid condition id : LAN8742 Phy interface Condition cause : null
2024-02-19 19:46:59,109 [WARN] PackLoader:240 - Cannot read IP mode file for STMicroelectronics.X-CUBE-AZRTOS-L4.2.0.0
2024-02-19 19:46:59,111 [WARN] ConditionMgr:1039 - genDependencies : Invalid condition id : LAN8742 Phy interface Condition cause : null
2024-02-19 19:46:59,111 [WARN] ConditionMgr:1039 - genDependencies : Invalid condition id : LAN8742 Phy interface Condition cause : null
2024-02-19 19:46:59,112 [WARN] ConditionMgr:1039 - genDependencies : Invalid condition id : LAN8742 Phy interface Condition cause : null
2024-02-19 19:46:59,123 [WARN] PackLoader:240 - Cannot read IP mode file for STMicroelectronics.X-CUBE-SFXS2LP1.4.0.0
2024-02-19 19:46:59,149 [WARN] ConditionMgr:438 - getConditionDescription Invalid condition id : UX DEVICE CLASS RTOS Condition cause : null
2024-02-19 19:46:59,149 [WARN] ConditionMgr:438 - getConditionDescription Invalid condition id : UX DEVICE CLASS RTOS Condition cause : null
2024-02-19 19:46:59,153 [WARN] PackLoader:240 - Cannot read IP mode file for STMicroelectronics.X-CUBE-AZRTOS-WB.2.0.0
2024-02-19 19:46:59,154 [WARN] ConditionMgr:1039 - genDependencies : Invalid condition id : UX DEVICE CLASS RTOS Condition cause : null
2024-02-19 19:46:59,154 [WARN] ConditionMgr:1039 - genDependencies : Invalid condition id : UX DEVICE CLASS RTOS Condition cause : null
2024-02-19 19:46:59,155 [WARN] ConditionMgr:1039 - genDependencies : Invalid condition id : UX DEVICE CLASS RTOS Condition cause : null
2024-02-19 19:46:59,156 [WARN] ConditionMgr:1039 - genDependencies : Invalid condition id : UX DEVICE CLASS RTOS Condition cause : null
2024-02-19 19:46:59,156 [WARN] ConditionMgr:1039 - genDependencies : Invalid condition id : UX DEVICE CLASS RTOS Condition cause : null
2024-02-19 19:46:59,169 [INFO] WebApp:161 - Instantiating new browser for Auth
2024-02-19 19:46:59,177 [WARN] PackLoader:240 - Cannot read IP mode file for STMicroelectronics.X-CUBE-SUBG2.5.0.0
2024-02-19 19:46:59,207 [WARN] PackLoader:240 - Cannot read IP mode file for STMicroelectronics.X-CUBE-AZRTOS-G4.2.0.0
2024-02-19 19:46:59,235 [WARN] PackLoader:240 - Cannot read IP mode file for Infineon.AIROC-Wi-Fi-Bluetooth-STM32.1.5.1
2024-02-19 19:46:59,249 [WARN] PackLoader:240 - Cannot read IP mode file for STMicroelectronics.FP-SNS-MOTENVWB1.1.3.1
2024-02-19 19:46:59,284 [WARN] PackLoader:240 - Cannot read IP mode file for STMicroelectronics.X-CUBE-ISPU.2.0.0
2024-02-19 19:46:59,371 [WARN] PackLoader:240 - Cannot read IP mode file for STMicroelectronics.X-CUBE-MEMS1.10.0.0
2024-02-19 19:46:59,583 [WARN] PackLoader:240 - Cannot read IP mode file for STMicroelectronics.X-CUBE-FREERTOS.1.1.0
2024-02-19 19:46:59,593 [WARN] PackLoader:240 - Cannot read IP mode file for portGmbH.I-Cube-SoM-uGOAL.1.1.0
2024-02-19 19:46:59,603 [WARN] PackLoader:240 - Cannot read IP mode file for STMicroelectronics.X-CUBE-ALS.1.0.1
2024-02-19 19:46:59,612 [WARN] PackLoader:240 - Cannot read IP mode file for STMicroelectronics.FP-ATR-ASTRA1.2.0.0
2024-02-19 19:46:59,624 [WARN] PackLoader:240 - Cannot read IP mode file for STMicroelectronics.X-CUBE-TOF1.3.4.0
2024-02-19 19:46:59,658 [WARN] PackLoader:240 - Cannot read IP mode file for STMicroelectronics.X-CUBE-AZRTOS-H7.3.2.0
2024-02-19 19:46:59,663 [INFO] ThirdParty:978 - Integrity check success = true
2024-02-19 19:46:59,663 [INFO] IntegrityCheckThread:100 - exiting critical section [integrity check]
2024-02-19 19:46:59,663 [INFO] IntegrityCheckThread:103 - End integrity checks thread
2024-02-19 19:47:00,312 [INFO] WebApp:780 - Register for checkConnection events
2024-02-19 19:47:00,312 [INFO] WebApp:414 - Apply proxy settings
2024-02-19 19:47:00,313 [INFO] WebApp:499 - Chromium requires no authentication
2024-02-19 19:47:00,324 [INFO] WebApp:442 - Direct internet connection detected
2024-02-19 19:47:00,678 [INFO] WebApp:192 - Starting web application
2024-02-19 19:47:00,678 [INFO] WebApp:544 - Web application path used C:\ST\STM32CubeIDE_1.14.1\STM32CubeIDE\plugins\com.st.stm32cube.common.mx_6.10.0.202311202037\db\plugins\mcufinder\reactClient1\index.html
2024-02-19 19:47:21,740 [ERROR] LogOutputStream:75 - [STDERR_REDIRECT] SLF4J: Failed to load class "org.slf4j.impl.StaticLoggerBinder".
2024-02-19 19:47:21,741 [ERROR] LogOutputStream:75 - [STDERR_REDIRECT] SLF4J: Defaulting to no-operation (NOP) logger implementation
2024-02-19 19:47:21,743 [ERROR] LogOutputStream:75 - [STDERR_REDIRECT] SLF4J: See http://www.slf4j.org/codes.html#StaticLoggerBinder for further details.
2024-02-19 19:53:00,706 [INFO] LogOutputStream:77 - [STDOUT_REDIRECT] StartTraceHandler.execute(), success : Collect=true
2024-02-19 19:53:02,666 [INFO] LogOutputStream:77 - [STDOUT_REDIRECT] StartTraceHandler.execute(), success : Collect=false
2024-02-19 19:53:22,197 [INFO] LogOutputStream:77 - [STDOUT_REDIRECT] StartTraceHandler.execute(), success : Collect=true
2024-02-19 19:53:27,491 [INFO] LogOutputStream:77 - [STDOUT_REDIRECT] StartTraceHandler.execute(), success : Collect=false
2024-02-19 19:53:29,699 [INFO] LogOutputStream:77 - [STDOUT_REDIRECT] StartTraceHandler.execute(), success : Collect=true
2024-02-19 19:53:32,711 [INFO] LogOutputStream:77 - [STDOUT_REDIRECT] StartTraceHandler.execute(), success : Collect=false
2024-02-19 19:53:35,090 [INFO] LogOutputStream:77 - [STDOUT_REDIRECT] StartTraceHandler.execute(), success : Collect=true
2024-02-19 19:55:03,224 [ERROR] LogOutputStream:75 - [STDERR_REDIRECT] 
2024-02-19 19:58:10,129 [INFO] Activator:176 - 


2024-02-19 19:58:10,132 [INFO] Activator:177 - !SESSION log4j initialized
2024-02-19 19:58:14,704 [INFO] LogOutputStream:77 - [STDOUT_REDIRECT] 
2024-02-19 19:58:15,806 [INFO] ApplicationProperties:184 - Using Application install path: C:\ST\STM32CubeIDE_1.14.1\STM32CubeIDE\plugins\com.st.stm32cube.common.mx_6.10.0.202311202037
2024-02-19 19:58:15,820 [INFO] DbMcusXml:78 - Set database path to: C:\ST\STM32CubeIDE_1.14.1\STM32CubeIDE\plugins\com.st.stm32cube.common.mx_6.10.0.202311202037\\db\/mcu/
2024-02-19 19:58:15,821 [INFO] ApiDb:274 - Set plugin database path to: C:\ST\STM32CubeIDE_1.14.1\STM32CubeIDE\plugins\com.st.stm32cube.common.mx_6.10.0.202311202037\\db\/plugins/boardmanager/
2024-02-19 19:58:15,821 [WARN] ApiDb:259 - Overriding images path with different value:  => C:\ST\STM32CubeIDE_1.14.1\STM32CubeIDE\plugins\com.st.stm32cube.common.mx_6.10.0.202311202037\\db\/plugins/mcufinder/images/
2024-02-19 19:58:15,825 [INFO] ApiDb:250 - Set database path to: C:\Users\germa\.stmcufinder\plugins\mcufinder//mcu/
2024-02-19 19:58:15,826 [INFO] DbMcusAds:125 - Set database path to: C:\Users\germa\.stmcufinder\plugins\mcufinder//mcu/
2024-02-19 19:58:15,828 [INFO] CrossReferenceDbSqlite:203 - Set database path to: C:\Users\germa\.stmcufinder\plugins\mcufinder//mcu/cs/
2024-02-19 19:58:15,939 [INFO] RulesReader:64 - Compatibility file has been processed (297 Rules)
2024-02-19 19:58:16,013 [INFO] DbMcusXml:78 - Set database path to: C:\ST\STM32CubeIDE_1.14.1\STM32CubeIDE\plugins\com.st.stm32cube.common.mx_6.10.0.202311202037\\db\/mcu/
2024-02-19 19:58:16,013 [INFO] ApiDb:274 - Set plugin database path to: C:\ST\STM32CubeIDE_1.14.1\STM32CubeIDE\plugins\com.st.stm32cube.common.mx_6.10.0.202311202037\\db\/plugins/boardmanager/
2024-02-19 19:58:16,014 [INFO] ApiDb:261 - Set plugin images path to: C:\ST\STM32CubeIDE_1.14.1\STM32CubeIDE\plugins\com.st.stm32cube.common.mx_6.10.0.202311202037\\db\/plugins/mcufinder/images/
2024-02-19 19:58:16,014 [WARN] DbFile:41 - Overriding database path with different value: C:\Users\germa\.stmcufinder\plugins\mcufinder/ => C:\Users\germa\.stmcufinder\plugins\mcufinder
2024-02-19 19:58:16,014 [INFO] ApiDb:250 - Set database path to: C:\Users\germa\.stmcufinder\plugins\mcufinder//mcu/
2024-02-19 19:58:16,014 [WARN] DbFile:41 - Overriding database path with different value: C:\Users\germa\.stmcufinder\plugins\mcufinder/ => C:\Users\germa\.stmcufinder\plugins\mcufinder
2024-02-19 19:58:16,014 [INFO] DbMcusAds:125 - Set database path to: C:\Users\germa\.stmcufinder\plugins\mcufinder//mcu/
2024-02-19 19:58:16,014 [WARN] DbFile:41 - Overriding database path with different value: C:\Users\germa\.stmcufinder\plugins\mcufinder/ => C:\Users\germa\.stmcufinder\plugins\mcufinder
2024-02-19 19:58:16,014 [WARN] DbFile:41 - Overriding database path with different value: C:\Users\germa\.stmcufinder\plugins\mcufinder/ => C:\Users\germa\.stmcufinder\plugins\mcufinder
2024-02-19 19:58:16,014 [INFO] CrossReferenceDbSqlite:203 - Set database path to: C:\Users\germa\.stmcufinder\plugins\mcufinder//mcu/cs/
2024-02-19 19:58:16,075 [INFO] MainPanel:264 - HeapMemory: 268435456
2024-02-19 19:58:16,141 [INFO] DbMcusXml:78 - Set database path to: C:\ST\STM32CubeIDE_1.14.1\STM32CubeIDE\plugins\com.st.stm32cube.common.mx_6.10.0.202311202037\\db\/mcu/
2024-02-19 19:58:16,141 [INFO] ApiDb:274 - Set plugin database path to: C:\ST\STM32CubeIDE_1.14.1\STM32CubeIDE\plugins\com.st.stm32cube.common.mx_6.10.0.202311202037\\db\/plugins/boardmanager/
2024-02-19 19:58:16,141 [INFO] ApiDb:261 - Set plugin images path to: C:\ST\STM32CubeIDE_1.14.1\STM32CubeIDE\plugins\com.st.stm32cube.common.mx_6.10.0.202311202037\\db\/plugins/mcufinder/images/
2024-02-19 19:58:16,142 [WARN] DbFile:41 - Overriding database path with different value: C:\Users\germa\.stmcufinder\plugins\mcufinder/ => C:\Users\germa\.stmcufinder\plugins\mcufinder
2024-02-19 19:58:16,142 [INFO] ApiDb:250 - Set database path to: C:\Users\germa\.stmcufinder\plugins\mcufinder//mcu/
2024-02-19 19:58:16,142 [WARN] DbFile:41 - Overriding database path with different value: C:\Users\germa\.stmcufinder\plugins\mcufinder/ => C:\Users\germa\.stmcufinder\plugins\mcufinder
2024-02-19 19:58:16,142 [INFO] DbMcusAds:125 - Set database path to: C:\Users\germa\.stmcufinder\plugins\mcufinder//mcu/
2024-02-19 19:58:16,142 [WARN] DbFile:41 - Overriding database path with different value: C:\Users\germa\.stmcufinder\plugins\mcufinder/ => C:\Users\germa\.stmcufinder\plugins\mcufinder
2024-02-19 19:58:16,142 [WARN] DbFile:41 - Overriding database path with different value: C:\Users\germa\.stmcufinder\plugins\mcufinder/ => C:\Users\germa\.stmcufinder\plugins\mcufinder
2024-02-19 19:58:16,142 [INFO] CrossReferenceDbSqlite:203 - Set database path to: C:\Users\germa\.stmcufinder\plugins\mcufinder//mcu/cs/
2024-02-19 19:58:16,158 [INFO] ApplicationProperties:184 - Using Application install path: C:\ST\STM32CubeIDE_1.14.1\STM32CubeIDE\plugins\com.st.stm32cube.common.mx_6.10.0.202311202037
2024-02-19 19:58:16,159 [INFO] PluginManage:196 - Search for loadable plugins [exclusion list=, ]
2024-02-19 19:58:16,160 [INFO] PluginManage:310 - Check plugin analytics
2024-02-19 19:58:16,391 [INFO] AnalyticsPlugin:253 - Accepted Software Licenses: STM32CubeMX.6.10.0
2024-02-19 19:58:16,392 [INFO] AnalyticsPlugin:255 - Accepted CMSIS Pack Licenses: 
2024-02-19 19:58:16,393 [INFO] AnalyticsPlugin:257 - Accepted Firmware Licenses: FW.L5.1.5.0,FW.C0.1.1.0,FW.L4.1.18.0
2024-02-19 19:58:16,397 [INFO] PluginManage:359 - Loaded plugin analytics (category:tool,tabindex:-1)
2024-02-19 19:58:16,398 [INFO] PluginManage:310 - Check plugin cadmodel
2024-02-19 19:58:16,407 [INFO] CADModel:105 - Init CAD model plugin
2024-02-19 19:58:16,408 [INFO] PluginManage:359 - Loaded plugin cadmodel (category:power,tabindex:5)
2024-02-19 19:58:16,408 [INFO] PluginManage:310 - Check plugin clock
2024-02-19 19:58:16,424 [INFO] PluginManage:359 - Loaded plugin clock (category:base,tabindex:2)
2024-02-19 19:58:16,424 [INFO] PluginManage:310 - Check plugin ddr
2024-02-19 19:58:16,428 [INFO] PluginManage:359 - Loaded plugin ddr (category:tool,tabindex:6)
2024-02-19 19:58:16,428 [INFO] PluginManage:310 - Check plugin filemanager
2024-02-19 19:58:16,649 [INFO] PluginManage:359 - Loaded plugin filemanager (category:base,tabindex:10)
2024-02-19 19:58:16,649 [INFO] PluginManage:310 - Check plugin ipmanager
2024-02-19 19:58:16,660 [INFO] PluginManage:359 - Loaded plugin ipmanager (category:base,tabindex:5)
2024-02-19 19:58:16,661 [INFO] PluginManage:310 - Check plugin lpbam
2024-02-19 19:58:16,676 [INFO] PluginManage:359 - Loaded plugin lpbam (category:base,tabindex:0)
2024-02-19 19:58:16,676 [INFO] PluginManage:310 - Check plugin memorymap
2024-02-19 19:58:16,693 [INFO] PluginManage:359 - Loaded plugin memorymap (category:base,tabindex:4)
2024-02-19 19:58:16,693 [INFO] PluginManage:310 - Check plugin pinoutandconfiguration
2024-02-19 19:58:16,706 [INFO] PluginManage:359 - Loaded plugin pinoutandconfiguration (category:base,tabindex:1)
2024-02-19 19:58:16,706 [INFO] PluginManage:310 - Check plugin pinoutconfig
2024-02-19 19:58:16,801 [WARN] SupportedApi:132 - Cannot load RTOS API schema: s4s-elt-must-match.1: The content of 'definitions' must match (annotation?, (simpleType | complexType)?, (unique | key | keyref)*)). A problem was found starting at: attribute.
2024-02-19 19:58:16,921 [INFO] PluginManage:359 - Loaded plugin pinoutconfig (category:base,tabindex:0)
2024-02-19 19:58:16,922 [INFO] PluginManage:310 - Check plugin power
2024-02-19 19:58:16,930 [INFO] PluginManage:359 - Loaded plugin power (category:power,tabindex:4)
2024-02-19 19:58:16,930 [INFO] PluginManage:310 - Check plugin projectmanager
2024-02-19 19:58:16,946 [INFO] PluginManage:359 - Loaded plugin projectmanager (category:projectmanager,tabindex:3)
2024-02-19 19:58:16,946 [INFO] PluginManage:310 - Check plugin thirdparty
2024-02-19 19:58:17,082 [WARN] IntegrityCheckThread:84 - waiting for thirdparty lock release [integrity check]
2024-02-19 19:58:17,082 [INFO] PluginManage:359 - Loaded plugin thirdparty (category:base,tabindex:-1)
2024-02-19 19:58:17,082 [INFO] IntegrityCheckThread:86 - entering critical section [integrity check]
2024-02-19 19:58:17,083 [INFO] PluginManage:310 - Check plugin tools
2024-02-19 19:58:17,083 [INFO] ThirdPartyUpdaterWithRetryManager:70 - Updater plugin not ready yet. [1/15]
2024-02-19 19:58:17,085 [INFO] PluginManage:359 - Loaded plugin tools (category:base,tabindex:7)
2024-02-19 19:58:17,086 [INFO] PluginManage:310 - Check plugin tutovideos
2024-02-19 19:58:17,234 [INFO] PluginManage:359 - Loaded plugin tutovideos (category:base,tabindex:-1)
2024-02-19 19:58:17,234 [INFO] PluginManage:310 - Check plugin updater
2024-02-19 19:58:17,245 [INFO] PluginManage:359 - Loaded plugin updater (category:base,tabindex:12)
2024-02-19 19:58:17,245 [INFO] PluginManage:310 - Check plugin userauth
2024-02-19 19:58:17,250 [INFO] UserAuth:114 - Init User Auth plugin
2024-02-19 19:58:17,250 [INFO] PluginManage:359 - Loaded plugin userauth (category:base,tabindex:14)
2024-02-19 19:58:17,251 [INFO] PluginManage:283 - PluginManage : Loaded plugins [17]
2024-02-19 19:58:17,434 [INFO] PinOutPanel:1499 - setPackage(No Configuration,No Configuration)
2024-02-19 19:58:17,502 [INFO] CADModel:165 - CPN selected for project level
2024-02-19 19:58:17,502 [INFO] CADModel:114 - Register for checkConnection events
2024-02-19 19:58:17,516 [INFO] IPUIPlugin:80 - create IPUIPlugin
2024-02-19 19:58:17,516 [INFO] PluginManager:220 - loadIPPluginJar : add adc
2024-02-19 19:58:17,518 [INFO] IPUIPlugin:80 - create IPUIPlugin
2024-02-19 19:58:17,518 [INFO] PluginManager:220 - loadIPPluginJar : add aes
2024-02-19 19:58:17,520 [INFO] IPUIPlugin:80 - create IPUIPlugin
2024-02-19 19:58:17,521 [INFO] PluginManager:220 - loadIPPluginJar : add can
2024-02-19 19:58:17,522 [INFO] IPUIPlugin:80 - create IPUIPlugin
2024-02-19 19:58:17,522 [INFO] PluginManager:220 - loadIPPluginJar : add comp
2024-02-19 19:58:17,524 [INFO] IPUIPlugin:80 - create IPUIPlugin
2024-02-19 19:58:17,524 [INFO] PluginManager:220 - loadIPPluginJar : add cryp
2024-02-19 19:58:17,526 [INFO] IPUIPlugin:80 - create IPUIPlugin
2024-02-19 19:58:17,526 [INFO] PluginManager:220 - loadIPPluginJar : add dfsdm
2024-02-19 19:58:17,530 [INFO] IPUIPlugin:80 - create IPUIPlugin
2024-02-19 19:58:17,531 [INFO] PluginManager:220 - loadIPPluginJar : add dma
2024-02-19 19:58:17,533 [INFO] IPUIPlugin:80 - create IPUIPlugin
2024-02-19 19:58:17,533 [INFO] PluginManager:220 - loadIPPluginJar : add dma3
2024-02-19 19:58:17,534 [INFO] IPUIPlugin:80 - create IPUIPlugin
2024-02-19 19:58:17,534 [INFO] PluginManager:220 - loadIPPluginJar : add fatfs
2024-02-19 19:58:17,537 [INFO] IPUIPlugin:80 - create IPUIPlugin
2024-02-19 19:58:17,537 [INFO] PluginManager:220 - loadIPPluginJar : add fmc
2024-02-19 19:58:17,541 [INFO] IPUIPlugin:80 - create IPUIPlugin
2024-02-19 19:58:17,542 [INFO] PluginManager:220 - loadIPPluginJar : add freertos
2024-02-19 19:58:17,543 [INFO] IPUIPlugin:80 - create IPUIPlugin
2024-02-19 19:58:17,543 [INFO] PluginManager:220 - loadIPPluginJar : add genericplugin
2024-02-19 19:58:17,545 [INFO] IPUIPlugin:80 - create IPUIPlugin
2024-02-19 19:58:17,545 [INFO] PluginManager:220 - loadIPPluginJar : add gfxmmu
2024-02-19 19:58:17,549 [INFO] IPUIPlugin:80 - create IPUIPlugin
2024-02-19 19:58:17,549 [INFO] PluginManager:220 - loadIPPluginJar : add gic
2024-02-19 19:58:17,552 [INFO] IPUIPlugin:80 - create IPUIPlugin
2024-02-19 19:58:17,552 [INFO] PluginManager:220 - loadIPPluginJar : add gpio
2024-02-19 19:58:17,555 [INFO] IPUIPlugin:80 - create IPUIPlugin
2024-02-19 19:58:17,555 [INFO] PluginManager:220 - loadIPPluginJar : add gtzc
2024-02-19 19:58:17,557 [INFO] IPUIPlugin:80 - create IPUIPlugin
2024-02-19 19:58:17,557 [INFO] PluginManager:220 - loadIPPluginJar : add hash
2024-02-19 19:58:17,559 [INFO] IPUIPlugin:80 - create IPUIPlugin
2024-02-19 19:58:17,559 [INFO] PluginManager:220 - loadIPPluginJar : add i2c
2024-02-19 19:58:17,561 [INFO] IPUIPlugin:80 - create IPUIPlugin
2024-02-19 19:58:17,562 [INFO] PluginManager:220 - loadIPPluginJar : add i2s
2024-02-19 19:58:17,564 [INFO] IPUIPlugin:80 - create IPUIPlugin
2024-02-19 19:58:17,564 [INFO] PluginManager:220 - loadIPPluginJar : add i3c
2024-02-19 19:58:17,566 [INFO] IPUIPlugin:80 - create IPUIPlugin
2024-02-19 19:58:17,566 [INFO] PluginManager:220 - loadIPPluginJar : add ipddr
2024-02-19 19:58:17,573 [INFO] IPUIPlugin:80 - create IPUIPlugin
2024-02-19 19:58:17,573 [INFO] PluginManager:220 - loadIPPluginJar : add linkedlist
2024-02-19 19:58:17,575 [INFO] IPUIPlugin:80 - create IPUIPlugin
2024-02-19 19:58:17,575 [INFO] PluginManager:220 - loadIPPluginJar : add lorawan
2024-02-19 19:58:17,577 [INFO] IPUIPlugin:80 - create IPUIPlugin
2024-02-19 19:58:17,577 [INFO] PluginManager:220 - loadIPPluginJar : add ltdc
2024-02-19 19:58:17,582 [INFO] IPUIPlugin:80 - create IPUIPlugin
2024-02-19 19:58:17,582 [INFO] PluginManager:220 - loadIPPluginJar : add mdma
2024-02-19 19:58:17,585 [INFO] IPUIPlugin:80 - create IPUIPlugin
2024-02-19 19:58:17,586 [INFO] PluginManager:220 - loadIPPluginJar : add nvic
2024-02-19 19:58:17,588 [INFO] IPUIPlugin:80 - create IPUIPlugin
2024-02-19 19:58:17,588 [INFO] PluginManager:220 - loadIPPluginJar : add opamp
2024-02-19 19:58:17,591 [INFO] IPUIPlugin:80 - create IPUIPlugin
2024-02-19 19:58:17,591 [INFO] PluginManager:220 - loadIPPluginJar : add openamp
2024-02-19 19:58:17,594 [INFO] IPUIPlugin:80 - create IPUIPlugin
2024-02-19 19:58:17,594 [INFO] PluginManager:220 - loadIPPluginJar : add pdm2pcm
2024-02-19 19:58:17,600 [INFO] IPUIPlugin:80 - create IPUIPlugin
2024-02-19 19:58:17,602 [INFO] PluginManager:220 - loadIPPluginJar : add plateformsettings
2024-02-19 19:58:17,604 [INFO] IPUIPlugin:80 - create IPUIPlugin
2024-02-19 19:58:17,604 [INFO] PluginManager:220 - loadIPPluginJar : add quadspi
2024-02-19 19:58:17,607 [INFO] IPUIPlugin:80 - create IPUIPlugin
2024-02-19 19:58:17,607 [INFO] PluginManager:220 - loadIPPluginJar : add resmgrutility
2024-02-19 19:58:17,610 [INFO] IPUIPlugin:80 - create IPUIPlugin
2024-02-19 19:58:17,610 [INFO] PluginManager:220 - loadIPPluginJar : add sai
2024-02-19 19:58:17,612 [INFO] IPUIPlugin:80 - create IPUIPlugin
2024-02-19 19:58:17,612 [INFO] PluginManager:220 - loadIPPluginJar : add spi
2024-02-19 19:58:17,616 [INFO] IPUIPlugin:80 - create IPUIPlugin
2024-02-19 19:58:17,616 [INFO] PluginManager:220 - loadIPPluginJar : add stm32_wpan
2024-02-19 19:58:17,618 [INFO] IPUIPlugin:80 - create IPUIPlugin
2024-02-19 19:58:17,618 [INFO] PluginManager:220 - loadIPPluginJar : add tim
2024-02-19 19:58:17,621 [INFO] IPUIPlugin:80 - create IPUIPlugin
2024-02-19 19:58:17,621 [INFO] PluginManager:220 - loadIPPluginJar : add touchsensing
2024-02-19 19:58:17,623 [INFO] IPUIPlugin:80 - create IPUIPlugin
2024-02-19 19:58:17,623 [INFO] PluginManager:220 - loadIPPluginJar : add tracer_emb
2024-02-19 19:58:17,625 [INFO] IPUIPlugin:80 - create IPUIPlugin
2024-02-19 19:58:17,625 [INFO] PluginManager:220 - loadIPPluginJar : add ts
2024-02-19 19:58:17,626 [INFO] IPUIPlugin:80 - create IPUIPlugin
2024-02-19 19:58:17,626 [INFO] PluginManager:220 - loadIPPluginJar : add tsc
2024-02-19 19:58:17,628 [INFO] IPUIPlugin:80 - create IPUIPlugin
2024-02-19 19:58:17,628 [INFO] PluginManager:220 - loadIPPluginJar : add ucpd
2024-02-19 19:58:17,630 [INFO] IPUIPlugin:80 - create IPUIPlugin
2024-02-19 19:58:17,630 [INFO] PluginManager:220 - loadIPPluginJar : add usart
2024-02-19 19:58:17,633 [INFO] IPUIPlugin:80 - create IPUIPlugin
2024-02-19 19:58:17,633 [INFO] PluginManager:220 - loadIPPluginJar : add usbx
2024-02-19 19:58:17,760 [INFO] CADModel:165 - CPN selected for project level
2024-02-19 19:58:17,760 [INFO] CADModel:114 - Register for checkConnection events
2024-02-19 19:58:17,760 [FATAL] Updater:308 - Updater called before beeing initialized
2024-02-19 19:58:17,760 [ERROR] CADModel:125 - Updater not yet initialized, retry later 
2024-02-19 19:58:17,880 [INFO] CADModel:165 - CPN selected for project level
2024-02-19 19:58:17,880 [INFO] CADModel:114 - Register for checkConnection events
2024-02-19 19:58:17,880 [FATAL] Updater:308 - Updater called before beeing initialized
2024-02-19 19:58:17,880 [ERROR] CADModel:125 - Updater not yet initialized, retry later 
2024-02-19 19:58:17,883 [FATAL] Updater:308 - Updater called before beeing initialized
2024-02-19 19:58:17,993 [FATAL] Updater:308 - Updater called before beeing initialized
2024-02-19 19:58:17,997 [INFO] DbMcusAds:53 - JSON generation date=Wed Nov 29 11:52:27 CET 2023 (1701255147200)
2024-02-19 19:58:17,998 [FATAL] Updater:308 - Updater called before beeing initialized
2024-02-19 19:58:18,030 [WARN] DetailPanel:346 - Failed to get advertising image, set to default
2024-02-19 19:58:18,120 [FATAL] Updater:308 - Updater called before beeing initialized
2024-02-19 19:58:18,121 [FATAL] Updater:308 - Updater called before beeing initialized
2024-02-19 19:58:18,121 [FATAL] Updater:308 - Updater called before beeing initialized
2024-02-19 19:58:18,122 [WARN] DetailPanel:346 - Failed to get advertising image, set to default
2024-02-19 19:58:18,122 [FATAL] Updater:308 - Updater called before beeing initialized
2024-02-19 19:58:18,191 [ERROR] Updater:1120 - MainUpdater not yet initialized. External WinMGr cannot be set.
2024-02-19 19:58:18,193 [INFO] Updater:1056 - Updater Version found : 6.10.0
2024-02-19 19:58:18,218 [INFO] ApplicationProperties:184 - Using Application install path: C:\ST\STM32CubeIDE_1.14.1\STM32CubeIDE\plugins\com.st.stm32cube.common.mx_6.10.0.202311202037
2024-02-19 19:58:18,545 [INFO] MainUpdater:2873 - connection check result : 10
2024-02-19 19:58:18,546 [INFO] MainUpdater:290 - Updater Check For Update Now.
2024-02-19 19:58:18,546 [INFO] MicroXplorer:498 - Change Database Version : DB.6.0.100
2024-02-19 19:58:18,552 [INFO] McuFinderGlobals:63 - Set McuFinder mode to 2 (CubeIDE integrated)
2024-02-19 19:58:18,731 [INFO] CheckServerUpdateThread:120 - End of CheckServer Thread
2024-02-19 19:58:18,894 [INFO] UserAuth:404 - Internet connection configuration mode: 1
2024-02-19 19:58:18,902 [INFO] JxBrowserEngine:152 - Initiate JxBrowser Engine with user profile folder
2024-02-19 19:58:19,393 [INFO] WebApp:161 - Instantiating new browser for Auth
2024-02-19 19:58:19,891 [INFO] WebApp:780 - Register for checkConnection events
2024-02-19 19:58:19,892 [INFO] WebApp:414 - Apply proxy settings
2024-02-19 19:58:19,892 [INFO] WebApp:499 - Chromium requires no authentication
2024-02-19 19:58:19,900 [INFO] WebApp:442 - Direct internet connection detected
2024-02-19 19:58:20,079 [INFO] WebApp:192 - Starting web application
2024-02-19 19:58:20,079 [INFO] WebApp:544 - Web application path used C:\ST\STM32CubeIDE_1.14.1\STM32CubeIDE\plugins\com.st.stm32cube.common.mx_6.10.0.202311202037\db\plugins\mcufinder\reactClient1\index.html
2024-02-19 19:58:20,349 [WARN] PackLoader:240 - Cannot read IP mode file for STMicroelectronics.X-CUBE-SMBUS.2.1.0
2024-02-19 19:58:20,362 [WARN] PackLoader:240 - Cannot read IP mode file for STMicroelectronics.X-CUBE-TOUCHGFX.4.23.0
2024-02-19 19:58:20,409 [WARN] PackLoader:240 - Cannot read IP mode file for STMicroelectronics.X-CUBE-AZRTOS-F7.1.1.0
2024-02-19 19:58:20,431 [WARN] PackLoader:240 - Cannot read IP mode file for STMicroelectronics.FP-SNS-MOTENV1.4.3.2
2024-02-19 19:58:20,446 [WARN] PackLoader:240 - Cannot read IP mode file for STMicroelectronics.FP-SNS-FLIGHT1.5.0.2
2024-02-19 19:58:20,458 [WARN] PackLoader:240 - Cannot read IP mode file for STMicroelectronics.X-CUBE-DISPLAY.3.0.0
2024-02-19 19:58:20,476 [WARN] PackLoader:240 - Cannot read IP mode file for STMicroelectronics.X-CUBE-BLE1.7.0.0
2024-02-19 19:58:20,484 [WARN] PackLoader:240 - Cannot read IP mode file for emotas.I-CUBE-CANOPEN.1.3.0
2024-02-19 19:58:20,492 [WARN] PackLoader:240 - Cannot read IP mode file for STMicroelectronics.FP-SNS-SMARTAG2.1.2.0
2024-02-19 19:58:20,511 [INFO] LogOutputStream:77 - [STDOUT_REDIRECT] 1 : Invalid condition id : UX_CORESTACK_Condition cause : null
2024-02-19 19:58:20,512 [INFO] LogOutputStream:77 - [STDOUT_REDIRECT] 1 : Invalid condition id : UX_CORESTACK_Condition cause : null
2024-02-19 19:58:20,514 [INFO] LogOutputStream:77 - [STDOUT_REDIRECT] 1 : Invalid condition id : UX_CORESTACK_Condition cause : null
2024-02-19 19:58:20,516 [INFO] LogOutputStream:77 - [STDOUT_REDIRECT] 1 : Invalid condition id : UX_CORESTACK_Condition cause : null
2024-02-19 19:58:20,518 [INFO] LogOutputStream:77 - [STDOUT_REDIRECT] 1 : Invalid condition id : UX_CORESTACK_Condition cause : null
2024-02-19 19:58:20,525 [WARN] PackLoader:240 - Cannot read IP mode file for STMicroelectronics.X-CUBE-AZRTOS-WL.2.0.0
2024-02-19 19:58:20,540 [WARN] PackLoader:240 - Cannot read IP mode file for WES.I-CUBE-Cesium.1.3.0
2024-02-19 19:58:20,547 [WARN] PackLoader:240 - Cannot read IP mode file for STMicroelectronics.X-CUBE-BLE2.3.3.0
2024-02-19 19:58:20,556 [WARN] PackLoader:240 - Cannot read IP mode file for STMicroelectronics.X-CUBE-ALGOBUILD.1.3.0
2024-02-19 19:58:20,578 [WARN] PackLoader:240 - Cannot read IP mode file for STMicroelectronics.X-CUBE-AZRTOS-G0.1.1.0
2024-02-19 19:58:20,589 [WARN] PackLoader:240 - Cannot read IP mode file for STMicroelectronics.X-CUBE-NFC4.3.0.0
2024-02-19 19:58:20,601 [WARN] PackLoader:240 - Cannot read IP mode file for STMicroelectronics.X-CUBE-BLEMGR.3.0.0
2024-02-19 19:58:20,610 [WARN] PackLoader:240 - Cannot read IP mode file for STMicroelectronics.FP-ATR-SIGFOX1.3.2.0
2024-02-19 19:58:20,619 [WARN] PackLoader:240 - Cannot read IP mode file for STMicroelectronics.X-CUBE-EEPRMA1.5.1.0
2024-02-19 19:58:20,662 [WARN] PackLoader:240 - Cannot read IP mode file for SEGGER.I-CUBE-embOS.1.3.1
2024-02-19 19:58:20,743 [WARN] PackLoader:240 - Cannot read IP mode file for STMicroelectronics.X-CUBE-GNSS1.6.0.0
2024-02-19 19:58:20,803 [WARN] PackLoader:240 - Cannot read IP mode file for STMicroelectronics.X-CUBE-AZRTOS-F4.1.1.0
2024-02-19 19:58:20,851 [WARN] PackLoader:240 - Cannot read IP mode file for wolfSSL.I-CUBE-wolfSSL.5.6.6
2024-02-19 19:58:20,893 [WARN] PackLoader:240 - Cannot read IP mode file for STMicroelectronics.X-CUBE-AZRTOS-L5.2.0.0
2024-02-19 19:58:20,907 [WARN] PackLoader:240 - Cannot read IP mode file for ITTIA_DB.I-CUBE-ITTIADB.8.8.0
2024-02-19 19:58:20,915 [WARN] PackLoader:240 - Cannot read IP mode file for STMicroelectronics.X-CUBE-NFC7.1.0.1
2024-02-19 19:58:20,928 [WARN] PackLoader:240 - Cannot read IP mode file for STMicroelectronics.X-CUBE-NFC6.3.0.0
2024-02-19 19:58:20,941 [WARN] PackLoader:240 - Cannot read IP mode file for STMicroelectronics.X-CUBE-AI.8.1.0
2024-02-19 19:58:20,968 [WARN] ConditionMgr:438 - getConditionDescription Invalid condition id : LAN8742 Phy interface Condition cause : null
2024-02-19 19:58:20,969 [WARN] PackLoader:240 - Cannot read IP mode file for STMicroelectronics.X-CUBE-AZRTOS-L4.2.0.0
2024-02-19 19:58:20,972 [WARN] ConditionMgr:1039 - genDependencies : Invalid condition id : LAN8742 Phy interface Condition cause : null
2024-02-19 19:58:20,973 [WARN] ConditionMgr:1039 - genDependencies : Invalid condition id : LAN8742 Phy interface Condition cause : null
2024-02-19 19:58:20,974 [WARN] ConditionMgr:1039 - genDependencies : Invalid condition id : LAN8742 Phy interface Condition cause : null
2024-02-19 19:58:20,984 [WARN] PackLoader:240 - Cannot read IP mode file for STMicroelectronics.X-CUBE-SFXS2LP1.4.0.0
2024-02-19 19:58:21,004 [WARN] ConditionMgr:438 - getConditionDescription Invalid condition id : UX DEVICE CLASS RTOS Condition cause : null
2024-02-19 19:58:21,005 [WARN] ConditionMgr:438 - getConditionDescription Invalid condition id : UX DEVICE CLASS RTOS Condition cause : null
2024-02-19 19:58:21,008 [WARN] PackLoader:240 - Cannot read IP mode file for STMicroelectronics.X-CUBE-AZRTOS-WB.2.0.0
2024-02-19 19:58:21,009 [WARN] ConditionMgr:1039 - genDependencies : Invalid condition id : UX DEVICE CLASS RTOS Condition cause : null
2024-02-19 19:58:21,009 [WARN] ConditionMgr:1039 - genDependencies : Invalid condition id : UX DEVICE CLASS RTOS Condition cause : null
2024-02-19 19:58:21,010 [WARN] ConditionMgr:1039 - genDependencies : Invalid condition id : UX DEVICE CLASS RTOS Condition cause : null
2024-02-19 19:58:21,010 [WARN] ConditionMgr:1039 - genDependencies : Invalid condition id : UX DEVICE CLASS RTOS Condition cause : null
2024-02-19 19:58:21,010 [WARN] ConditionMgr:1039 - genDependencies : Invalid condition id : UX DEVICE CLASS RTOS Condition cause : null
2024-02-19 19:58:21,024 [WARN] PackLoader:240 - Cannot read IP mode file for STMicroelectronics.X-CUBE-SUBG2.5.0.0
2024-02-19 19:58:21,047 [WARN] PackLoader:240 - Cannot read IP mode file for STMicroelectronics.X-CUBE-AZRTOS-G4.2.0.0
2024-02-19 19:58:21,065 [WARN] PackLoader:240 - Cannot read IP mode file for Infineon.AIROC-Wi-Fi-Bluetooth-STM32.1.5.1
2024-02-19 19:58:21,083 [WARN] PackLoader:240 - Cannot read IP mode file for STMicroelectronics.FP-SNS-MOTENVWB1.1.3.1
2024-02-19 19:58:21,091 [WARN] PackLoader:240 - Cannot read IP mode file for STMicroelectronics.X-CUBE-ISPU.2.0.0
2024-02-19 19:58:21,146 [WARN] PackLoader:240 - Cannot read IP mode file for STMicroelectronics.X-CUBE-MEMS1.10.0.0
2024-02-19 19:58:21,310 [WARN] PackLoader:240 - Cannot read IP mode file for STMicroelectronics.X-CUBE-FREERTOS.1.1.0
2024-02-19 19:58:21,318 [WARN] PackLoader:240 - Cannot read IP mode file for portGmbH.I-Cube-SoM-uGOAL.1.1.0
2024-02-19 19:58:21,325 [WARN] PackLoader:240 - Cannot read IP mode file for STMicroelectronics.X-CUBE-ALS.1.0.1
2024-02-19 19:58:21,331 [WARN] PackLoader:240 - Cannot read IP mode file for STMicroelectronics.FP-ATR-ASTRA1.2.0.0
2024-02-19 19:58:21,345 [WARN] PackLoader:240 - Cannot read IP mode file for STMicroelectronics.X-CUBE-TOF1.3.4.0
2024-02-19 19:58:21,392 [WARN] PackLoader:240 - Cannot read IP mode file for STMicroelectronics.X-CUBE-AZRTOS-H7.3.2.0
2024-02-19 19:58:21,399 [INFO] ThirdParty:978 - Integrity check success = true
2024-02-19 19:58:21,400 [INFO] IntegrityCheckThread:100 - exiting critical section [integrity check]
2024-02-19 19:58:21,400 [INFO] IntegrityCheckThread:103 - End integrity checks thread
2024-02-19 19:58:40,977 [ERROR] LogOutputStream:75 - [STDERR_REDIRECT] SLF4J: Failed to load class "org.slf4j.impl.StaticLoggerBinder".
2024-02-19 19:58:40,978 [ERROR] LogOutputStream:75 - [STDERR_REDIRECT] SLF4J: Defaulting to no-operation (NOP) logger implementation
2024-02-19 19:58:40,980 [ERROR] LogOutputStream:75 - [STDERR_REDIRECT] SLF4J: See http://www.slf4j.org/codes.html#StaticLoggerBinder for further details.
