2024-02-14 18:10:02,098 [INFO] MainUpdater:2873 - connection check result : 10
2024-02-14 18:10:02,128 [INFO] MainUpdater:2873 - connection check result : 10
2024-02-14 18:10:02,262 [INFO] MicroXplorer:468 - Change Database Path : 
2024-02-14 18:10:02,264 [INFO] MicroXplorer:498 - Change Database Version : DB.6.0.100
2024-02-14 18:10:02,301 [ERROR] ProjectManagerView:394 - 
java.lang.NullPointerException: Cannot invoke "javax.swing.JTextField.getText()" because the return value of "java.util.List.get(int)" is null
	at com.st.microxplorer.plugins.projectmanager.gui.ProjectChoiceTab$10.caretUpdate(ProjectChoiceTab.java:2493) ~[filemanager.jar:?]
	at javax.swing.text.JTextComponent.fireCaretUpdate(JTextComponent.java:412) ~[?:?]
	at javax.swing.text.JTextComponent$MutableCaretEvent.fire(JTextComponent.java:4491) ~[?:?]
	at javax.swing.text.JTextComponent$MutableCaretEvent.stateChanged(JTextComponent.java:4513) ~[?:?]
	at javax.swing.text.DefaultCaret.fireStateChanged(DefaultCaret.java:842) ~[?:?]
	at javax.swing.text.DefaultCaret.changeCaretPosition(DefaultCaret.java:1313) ~[?:?]
	at javax.swing.text.DefaultCaret.handleSetDot(DefaultCaret.java:1212) ~[?:?]
	at javax.swing.text.DefaultCaret.setDot(DefaultCaret.java:1193) ~[?:?]
	at javax.swing.text.DefaultCaret$Handler.insertUpdate(DefaultCaret.java:1789) ~[?:?]
	at javax.swing.text.AbstractDocument.fireInsertUpdate(AbstractDocument.java:226) ~[?:?]
	at javax.swing.text.AbstractDocument.handleInsertString(AbstractDocument.java:780) ~[?:?]
	at javax.swing.text.AbstractDocument.insertString(AbstractDocument.java:739) ~[?:?]
	at javax.swing.text.PlainDocument.insertString(PlainDocument.java:131) ~[?:?]
	at javax.swing.text.AbstractDocument.replace(AbstractDocument.java:698) ~[?:?]
	at javax.swing.text.JTextComponent.setText(JTextComponent.java:1729) ~[?:?]
	at com.st.microxplorer.plugins.projectmanager.gui.ProjectChoiceTab.createHeapStackFields(ProjectChoiceTab.java:933) ~[filemanager.jar:?]
	at com.st.microxplorer.plugins.projectmanager.gui.ProjectChoiceTab.buildLinkSettingsPanel(ProjectChoiceTab.java:3426) ~[filemanager.jar:?]
	at com.st.microxplorer.plugins.projectmanager.gui.ProjectChoiceTab.defineWindowsFields(ProjectChoiceTab.java:1813) ~[filemanager.jar:?]
	at com.st.microxplorer.plugins.projectmanager.gui.ProjectChoiceTab.updateSettings(ProjectChoiceTab.java:533) ~[filemanager.jar:?]
	at com.st.microxplorer.plugins.projectmanager.gui.ProjectSettingsPanel.UpdateDialog(ProjectSettingsPanel.java:244) ~[filemanager.jar:?]
	at com.st.microxplorer.plugins.projectmanager.ProjectManagerView.propertyChange(ProjectManagerView.java:391) ~[filemanager.jar:?]
	at java.beans.PropertyChangeSupport.fire(PropertyChangeSupport.java:343) ~[?:?]
	at java.beans.PropertyChangeSupport.firePropertyChange(PropertyChangeSupport.java:335) ~[?:?]
	at java.beans.PropertyChangeSupport.firePropertyChange(PropertyChangeSupport.java:268) ~[?:?]
	at com.st.microxplorer.util.MXPropertyChangeSupport.firePropertyChange(MXPropertyChangeSupport.java:54) ~[STM32CubeMX.jar:?]
	at com.st.microxplorer.mxsystem.MxSystem.closeConfig(MxSystem.java:900) ~[STM32CubeMX.jar:?]
	at com.st.microxplorer.maingui.MainPanel.closeConfig(MainPanel.java:776) ~[STM32CubeMX.jar:?]
	at com.st.microxplorer.plugins.filemanager.engine.OpenFileManager.loadConfigurationFile(OpenFileManager.java:245) ~[filemanager.jar:?]
	at com.st.microxplorer.plugins.filemanager.engine.MainFileManager.userLoadConfig(MainFileManager.java:290) ~[filemanager.jar:?]
	at com.st.microxplorer.plugins.filemanager.FileManagerView.getSpecificTask(FileManagerView.java:247) ~[filemanager.jar:?]
	at com.st.stm32cube.common.mx.editor.CubeMxEditor.getMxTabbedPaneInstance(CubeMxEditor.java:1184) ~[com.st.stm32cube.common.mx_6.10.0.202311202037/:?]
	at com.st.stm32cube.common.mx.editor.CubeMxEditor$12$1.createSwingComponent(CubeMxEditor.java:1065) ~[com.st.stm32cube.common.mx_6.10.0.202311202037/:?]
	at com.st.stm32cube.common.mx.oss.core.awtswtbridge.EmbeddedSwingComposite.doComponentCreation(EmbeddedSwingComposite.java:492) ~[com.st.stm32cube.common.mx.oss_6.10.0.202311202037/:?]
	at com.st.stm32cube.common.mx.oss.core.awtswtbridge.EmbeddedSwingComposite$4.run(EmbeddedSwingComposite.java:291) ~[com.st.stm32cube.common.mx.oss_6.10.0.202311202037/:?]
	at com.st.stm32cube.common.mx.oss.core.awtswtbridge.AwtEnvironment$2.run(AwtEnvironment.java:166) ~[com.st.stm32cube.common.mx.oss_6.10.0.202311202037/:?]
	at java.awt.event.InvocationEvent.dispatch(InvocationEvent.java:318) ~[?:?]
	at java.awt.EventQueue.dispatchEventImpl(EventQueue.java:773) ~[?:?]
	at java.awt.EventQueue$4.run(EventQueue.java:720) ~[?:?]
	at java.awt.EventQueue$4.run(EventQueue.java:714) ~[?:?]
	at java.security.AccessController.doPrivileged(AccessController.java:399) ~[?:?]
	at java.security.ProtectionDomain$JavaSecurityAccessImpl.doIntersectionPrivilege(ProtectionDomain.java:86) ~[?:?]
	at java.awt.EventQueue.dispatchEvent(EventQueue.java:742) ~[?:?]
	at java.awt.EventDispatchThread.pumpOneEventForFilters(EventDispatchThread.java:203) ~[?:?]
	at java.awt.EventDispatchThread.pumpEventsForFilter(EventDispatchThread.java:124) ~[?:?]
	at java.awt.EventDispatchThread.pumpEventsForHierarchy(EventDispatchThread.java:113) ~[?:?]
	at java.awt.EventDispatchThread.pumpEvents(EventDispatchThread.java:109) ~[?:?]
	at java.awt.EventDispatchThread.pumpEvents(EventDispatchThread.java:101) ~[?:?]
	at java.awt.EventDispatchThread.run(EventDispatchThread.java:90) ~[?:?]
2024-02-14 18:10:02,327 [WARN] ThirdParty:871 - waiting for thirdparty lock release [close project]
2024-02-14 18:10:02,327 [INFO] ThirdParty:873 - entering critical section [close project]
2024-02-14 18:10:02,327 [INFO] ThirdParty:883 - exiting critical section [close project]
2024-02-14 18:10:02,330 [INFO] PinOutPanel:1499 - setPackage(No Configuration,No Configuration)
2024-02-14 18:10:02,340 [INFO] UtilMem:75 - Begin LoadConfig() Used Memory: 820963480 Bytes (1073741824)
2024-02-14 18:10:02,341 [INFO] MicroXplorer:468 - Change Database Path : 
2024-02-14 18:10:02,341 [INFO] MicroXplorer:498 - Change Database Version : DB.6.0.100
2024-02-14 18:10:02,341 [INFO] OpenFileManager:312 - Change cursor
2024-02-14 18:10:02,372 [INFO] RulesReader:64 - Compatibility file has been processed (297 Rules)
2024-02-14 18:10:02,390 [INFO] Mcu:2016 - Initializing MCU STM32L552Z(C-E)TxQ STM32L552ZETxQ STM32L552ZET6Q
2024-02-14 18:10:03,099 [WARN] Context:676 - Trying to add IP FREERTOS in context CortexM33 not assigned to a contextSplit
2024-02-14 18:10:03,496 [WARN] Context:676 - Trying to add IP PWR in context CortexM33 not assigned to a contextSplit
2024-02-14 18:10:03,566 [WARN] Context:676 - Trying to add IP RCC in context CortexM33 not assigned to a contextSplit
2024-02-14 18:10:03,616 [WARN] Context:676 - Trying to add IP RTC in context CortexM33 not assigned to a contextSplit
2024-02-14 18:10:03,777 [WARN] Context:676 - Trying to add IP SYS in context CortexM33 not assigned to a contextSplit
2024-02-14 18:10:03,836 [WARN] Context:676 - Trying to add IP TAMP in context CortexM33 not assigned to a contextSplit
2024-02-14 18:10:05,275 [INFO] Context:659 - Trying to add GPIOservice into a context  which must be forbidden
2024-02-14 18:10:05,275 [INFO] Context:659 - Trying to add GPIOservice into a context  which must be forbidden
2024-02-14 18:10:05,275 [INFO] Context:659 - Trying to add GPIOservice into a context  which must be forbidden
2024-02-14 18:10:05,275 [WARN] Context:676 - Trying to add IP GPIO in context CortexM33 not assigned to a contextSplit
2024-02-14 18:10:05,296 [WARN] Context:676 - Trying to add IP DMA in context CortexM33 not assigned to a contextSplit
2024-02-14 18:10:05,326 [WARN] Context:676 - Trying to add IP NVIC2 in context CortexM33 not assigned to a contextSplit
2024-02-14 18:10:06,041 [INFO] RtosManager:555 - Registered RTOS mode: class=CMSIS, group=RTOS, mode=CMSIS_V1, owner=FREERTOS
2024-02-14 18:10:06,041 [INFO] RtosManager:555 - Registered RTOS mode: class=CMSIS, group=RTOS2, mode=CMSIS_V2, owner=FREERTOS
2024-02-14 18:10:06,041 [INFO] RtosManager:555 - Registered RTOS mode: class=RTOS, group=Core, mode=CMSIS_V1, owner=FREERTOS
2024-02-14 18:10:06,041 [INFO] RtosManager:555 - Registered RTOS mode: class=RTOS, group=Core, mode=CMSIS_V2, owner=FREERTOS
2024-02-14 18:10:06,041 [WARN] ModelIntegratedComponent:184 - Missing modes for component STMicroelectronics:FreeRTOS:0.0.1:STMicroelectronics:RTOS:FreeRTOS:Core:::10.2.0:
2024-02-14 18:10:06,055 [WARN] ModelIntegratedComponent:63 - No mode defined for component null
2024-02-14 18:10:06,055 [WARN] ModelIntegratedComponent:63 - No mode defined for component null
2024-02-14 18:10:06,055 [WARN] ModelIntegratedComponent:63 - No mode defined for component null
2024-02-14 18:10:06,055 [WARN] ModelIntegratedComponent:63 - No mode defined for component null
2024-02-14 18:10:06,055 [WARN] ModelIntegratedComponent:63 - No mode defined for component null
2024-02-14 18:10:06,055 [WARN] ModelIntegratedComponent:63 - No mode defined for component null
2024-02-14 18:10:06,055 [WARN] ModelIntegratedComponent:63 - No mode defined for component null
2024-02-14 18:10:06,056 [WARN] ModelIntegratedComponent:63 - No mode defined for component null
2024-02-14 18:10:06,056 [WARN] ModelIntegratedComponent:63 - No mode defined for component null
2024-02-14 18:10:06,056 [WARN] ModelIntegratedComponent:63 - No mode defined for component null
2024-02-14 18:10:06,056 [WARN] ModelIntegratedComponent:63 - No mode defined for component null
2024-02-14 18:10:06,056 [WARN] ModelIntegratedComponent:63 - No mode defined for component null
2024-02-14 18:10:06,056 [WARN] ModelIntegratedComponent:63 - No mode defined for component null
2024-02-14 18:10:06,056 [WARN] ModelIntegratedComponent:63 - No mode defined for component null
2024-02-14 18:10:06,057 [WARN] ModelIntegratedComponent:63 - No mode defined for component null
2024-02-14 18:10:06,057 [WARN] ModelIntegratedComponent:63 - No mode defined for component null
2024-02-14 18:10:06,057 [WARN] ModelIntegratedComponent:63 - No mode defined for component null
2024-02-14 18:10:06,057 [WARN] ModelIntegratedComponent:63 - No mode defined for component null
2024-02-14 18:10:06,057 [WARN] ModelIntegratedComponent:63 - No mode defined for component null
2024-02-14 18:10:06,057 [WARN] ModelIntegratedComponent:63 - No mode defined for component null
2024-02-14 18:10:06,057 [WARN] ModelIntegratedComponent:63 - No mode defined for component null
2024-02-14 18:10:06,057 [WARN] ModelIntegratedComponent:63 - No mode defined for component null
2024-02-14 18:10:06,057 [WARN] ModelIntegratedComponent:63 - No mode defined for component null
2024-02-14 18:10:06,057 [WARN] ModelIntegratedComponent:63 - No mode defined for component null
2024-02-14 18:10:06,057 [WARN] ModelIntegratedComponent:63 - No mode defined for component null
2024-02-14 18:10:06,057 [WARN] ModelIntegratedComponent:63 - No mode defined for component null
2024-02-14 18:10:06,057 [WARN] ModelIntegratedComponent:63 - No mode defined for component null
2024-02-14 18:10:06,057 [WARN] ModelIntegratedComponent:63 - No mode defined for component null
2024-02-14 18:10:06,057 [WARN] ModelIntegratedComponent:63 - No mode defined for component null
2024-02-14 18:10:06,057 [WARN] ModelIntegratedComponent:63 - No mode defined for component null
2024-02-14 18:10:06,057 [WARN] ModelIntegratedComponent:63 - No mode defined for component null
2024-02-14 18:10:06,057 [WARN] ModelIntegratedComponent:63 - No mode defined for component null
2024-02-14 18:10:06,057 [WARN] ModelIntegratedComponent:63 - No mode defined for component null
2024-02-14 18:10:06,225 [INFO] ThirdPartyModel:298 - Start build external matchings
2024-02-14 18:10:06,607 [INFO] ThirdPartyModel:316 - End build external matchings
2024-02-14 18:10:06,618 [INFO] ImportTextPane:194 - (OptionalMessage_ERROR) IP (ADC1) : Parameter (CommonPathInternal) has invalid value (null|null|null|null)
2024-02-14 18:10:06,619 [INFO] ImportTextPane:194 - (OptionalMessage_ERROR) IP (RCC) : Invalid parameter (FamilyName)
2024-02-14 18:10:07,031 [INFO] UtilMem:75 - End LoadConfig() Used Memory: 868181488 Bytes (1073741824)
2024-02-14 18:10:07,097 [INFO] MicroXplorer:468 - Change Database Path : 
2024-02-14 18:10:07,098 [INFO] MicroXplorer:498 - Change Database Version : DB.6.0.100
2024-02-14 18:10:07,100 [WARN] ThirdParty:833 - waiting for thirdparty lock release [change project]
2024-02-14 18:10:07,102 [INFO] ThirdParty:835 - entering critical section [change project]
2024-02-14 18:10:07,102 [INFO] ThirdParty:1030 - CMSIS Pack Vendor :STMicroelectronics USBPD 4.1
2024-02-14 18:10:07,102 [INFO] ThirdParty:1030 - CMSIS Pack Vendor :STMicroelectronics X-CUBE-GNSS1 6.0.0
2024-02-14 18:10:07,102 [INFO] ThirdParty:1030 - CMSIS Pack Vendor :STMicroelectronics USB_HOST 2.0.0
2024-02-14 18:10:07,102 [INFO] ThirdParty:1030 - CMSIS Pack Vendor :STMicroelectronics X-CUBE-AZRTOS-F4 1.1.0
2024-02-14 18:10:07,102 [INFO] ThirdParty:1030 - CMSIS Pack Vendor :STMicroelectronics LIBJPEG 8.0.0
2024-02-14 18:10:07,102 [INFO] ThirdParty:1030 - CMSIS Pack Vendor :STMicroelectronics X-CUBE-SMBUS 2.1.0
2024-02-14 18:10:07,102 [INFO] ThirdParty:1030 - CMSIS Pack Vendor :STMicroelectronics USB_DEVICE 3.0.0
2024-02-14 18:10:07,103 [INFO] ThirdParty:1030 - CMSIS Pack Vendor :STMicroelectronics X-CUBE-AZRTOS-WB 2.0.0
2024-02-14 18:10:07,103 [INFO] ThirdParty:1030 - CMSIS Pack Vendor :wolfSSL I-CUBE-wolfSSL 5.6.6
2024-02-14 18:10:07,103 [INFO] ThirdParty:1030 - CMSIS Pack Vendor :STMicroelectronics X-CUBE-TOUCHGFX 4.23.0
2024-02-14 18:10:07,103 [INFO] ThirdParty:1030 - CMSIS Pack Vendor :STMicroelectronics X-CUBE-AZRTOS-F7 1.1.0
2024-02-14 18:10:07,103 [INFO] ThirdParty:1030 - CMSIS Pack Vendor :STMicroelectronics X-CUBE-AZRTOS-L5 2.0.0
2024-02-14 18:10:07,103 [INFO] ThirdParty:1030 - CMSIS Pack Vendor :STMicroelectronics USB_DEVICE 2.0.0
2024-02-14 18:10:07,103 [INFO] ThirdParty:1030 - CMSIS Pack Vendor :ITTIA_DB I-CUBE-ITTIADB 8.8.0
2024-02-14 18:10:07,103 [INFO] ThirdParty:1030 - CMSIS Pack Vendor :STMicroelectronics FP-SNS-MOTENV1 4.3.2
2024-02-14 18:10:07,103 [INFO] ThirdParty:1030 - CMSIS Pack Vendor :STMicroelectronics X-CUBE-ALGOBUILD 1.3.0
2024-02-14 18:10:07,103 [INFO] ThirdParty:1030 - CMSIS Pack Vendor :STMicroelectronics FreeRTOS 0.0.1
2024-02-14 18:10:07,103 [INFO] ThirdParty:1030 - CMSIS Pack Vendor :STMicroelectronics X-CUBE-AZRTOS-G0 1.1.0
2024-02-14 18:10:07,103 [INFO] ThirdParty:1030 - CMSIS Pack Vendor :STMicroelectronics X-CUBE-NFC4 3.0.0
2024-02-14 18:10:07,103 [INFO] ThirdParty:1030 - CMSIS Pack Vendor :STMicroelectronics X-CUBE-SUBG2 5.0.0
2024-02-14 18:10:07,103 [INFO] ThirdParty:1030 - CMSIS Pack Vendor :STMicroelectronics STM32_WPAN 1.0.0
2024-02-14 18:10:07,103 [INFO] ThirdParty:1030 - CMSIS Pack Vendor :STMicroelectronics lwIP 2.0.3
2024-02-14 18:10:07,103 [INFO] ThirdParty:1030 - CMSIS Pack Vendor :STMicroelectronics FP-SNS-FLIGHT1 5.0.2
2024-02-14 18:10:07,103 [INFO] ThirdParty:1030 - CMSIS Pack Vendor :STMicroelectronics USB_HOST 1.0.0
2024-02-14 18:10:07,103 [INFO] ThirdParty:1030 - CMSIS Pack Vendor :STMicroelectronics X-CUBE-AZRTOS-G4 2.0.0
2024-02-14 18:10:07,103 [INFO] ThirdParty:1030 - CMSIS Pack Vendor :STMicroelectronics PDM2PCM 3.1.0
2024-02-14 18:10:07,103 [INFO] ThirdParty:1030 - CMSIS Pack Vendor :Infineon AIROC-Wi-Fi-Bluetooth-STM32 1.5.1
2024-02-14 18:10:07,103 [INFO] ThirdParty:1030 - CMSIS Pack Vendor :STMicroelectronics X-CUBE-BLEMGR 3.0.0
2024-02-14 18:10:07,103 [INFO] ThirdParty:1030 - CMSIS Pack Vendor :STMicroelectronics PDM2PCM 3.3.0
2024-02-14 18:10:07,103 [INFO] ThirdParty:1030 - CMSIS Pack Vendor :STMicroelectronics X-CUBE-DISPLAY 3.0.0
2024-02-14 18:10:07,103 [INFO] ThirdParty:1030 - CMSIS Pack Vendor :STMicroelectronics FP-SNS-MOTENVWB1 1.3.1
2024-02-14 18:10:07,103 [INFO] ThirdParty:1030 - CMSIS Pack Vendor :STMicroelectronics X-CUBE-BLE1 7.0.0
2024-02-14 18:10:07,103 [INFO] ThirdParty:1030 - CMSIS Pack Vendor :STMicroelectronics FP-ATR-SIGFOX1 3.2.0
2024-02-14 18:10:07,103 [INFO] ThirdParty:1030 - CMSIS Pack Vendor :STMicroelectronics X-CUBE-ISPU 2.0.0
2024-02-14 18:10:07,103 [INFO] ThirdParty:1030 - CMSIS Pack Vendor :STMicroelectronics X-CUBE-EEPRMA1 5.1.0
2024-02-14 18:10:07,104 [INFO] ThirdParty:1030 - CMSIS Pack Vendor :STMicroelectronics HAL Drivers 0.0.0
2024-02-14 18:10:07,104 [INFO] ThirdParty:1030 - CMSIS Pack Vendor :STMicroelectronics MBEDTLS 2.16.2
2024-02-14 18:10:07,104 [INFO] ThirdParty:1030 - CMSIS Pack Vendor :emotas I-CUBE-CANOPEN 1.3.0
2024-02-14 18:10:07,104 [INFO] ThirdParty:1030 - CMSIS Pack Vendor :STMicroelectronics X-CUBE-MEMS1 10.0.0
2024-02-14 18:10:07,104 [INFO] ThirdParty:1030 - CMSIS Pack Vendor :STMicroelectronics X-CUBE-FREERTOS 1.1.0
2024-02-14 18:10:07,104 [INFO] ThirdParty:1030 - CMSIS Pack Vendor :STMicroelectronics X-CUBE-NFC7 1.0.1
2024-02-14 18:10:07,104 [INFO] ThirdParty:1030 - CMSIS Pack Vendor :STMicroelectronics MBEDTLS 2.14.1
2024-02-14 18:10:07,104 [INFO] ThirdParty:1030 - CMSIS Pack Vendor :STMicroelectronics X-CUBE-NFC6 3.0.0
2024-02-14 18:10:07,104 [INFO] ThirdParty:1030 - CMSIS Pack Vendor :portGmbH I-Cube-SoM-uGOAL 1.1.0
2024-02-14 18:10:07,104 [INFO] ThirdParty:1030 - CMSIS Pack Vendor :STMicroelectronics X-CUBE-ALS 1.0.1
2024-02-14 18:10:07,104 [INFO] ThirdParty:1030 - CMSIS Pack Vendor :STMicroelectronics ThreadX 1.0.0
2024-02-14 18:10:07,104 [INFO] ThirdParty:1030 - CMSIS Pack Vendor :STMicroelectronics FP-SNS-SMARTAG2 1.2.0
2024-02-14 18:10:07,104 [INFO] ThirdParty:1030 - CMSIS Pack Vendor :STMicroelectronics X-CUBE-AZRTOS-WL 2.0.0
2024-02-14 18:10:07,104 [INFO] ThirdParty:1030 - CMSIS Pack Vendor :SEGGER I-CUBE-embOS 1.3.1
2024-02-14 18:10:07,104 [INFO] ThirdParty:1030 - CMSIS Pack Vendor :STMicroelectronics USB_DEVICE 1.0.0
2024-02-14 18:10:07,104 [INFO] ThirdParty:1030 - CMSIS Pack Vendor :STMicroelectronics X-CUBE-AI 8.1.0
2024-02-14 18:10:07,104 [INFO] ThirdParty:1030 - CMSIS Pack Vendor :STMicroelectronics X-CUBE-AZRTOS-L4 2.0.0
2024-02-14 18:10:07,104 [INFO] ThirdParty:1030 - CMSIS Pack Vendor :STMicroelectronics ThreadX 0.0.2
2024-02-14 18:10:07,104 [INFO] ThirdParty:1030 - CMSIS Pack Vendor :WES I-CUBE-Cesium 1.3.0
2024-02-14 18:10:07,104 [INFO] ThirdParty:1030 - CMSIS Pack Vendor :STMicroelectronics FP-ATR-ASTRA1 2.0.0
2024-02-14 18:10:07,104 [INFO] ThirdParty:1030 - CMSIS Pack Vendor :STMicroelectronics lwIP 2.1.2
2024-02-14 18:10:07,104 [INFO] ThirdParty:1030 - CMSIS Pack Vendor :STMicroelectronics X-CUBE-SFXS2LP1 4.0.0
2024-02-14 18:10:07,104 [INFO] ThirdParty:1030 - CMSIS Pack Vendor :STMicroelectronics X-CUBE-BLE2 3.3.0
2024-02-14 18:10:07,104 [INFO] ThirdParty:1030 - CMSIS Pack Vendor :STMicroelectronics X-CUBE-TOF1 3.4.0
2024-02-14 18:10:07,104 [INFO] ThirdParty:1030 - CMSIS Pack Vendor :STMicroelectronics X-CUBE-AZRTOS-H7 3.2.0
2024-02-14 18:10:07,104 [INFO] ThirdParty:1030 - CMSIS Pack Vendor :STMicroelectronics PDM2PCM 3.2.0
2024-02-14 18:10:07,104 [INFO] ThirdParty:841 - exiting critical section [change project]
2024-02-14 18:10:07,525 [INFO] PinOutPanel:1499 - setPackage(No Configuration,No Configuration)
2024-02-14 18:10:07,526 [INFO] PinOutPanel:1499 - setPackage(STM32L552ZETxQ,LQFP144)
2024-02-14 18:10:08,007 [INFO] UtilMem:75 - Before build in PCC Used Memory: 754688912 Bytes (1073741824)
2024-02-14 18:10:08,995 [INFO] UtilMem:75 - After build in PCC Used Memory: 825902752 Bytes (1073741824)
2024-02-14 18:10:09,033 [INFO] IPUIPlugin:80 - create IPUIPlugin
2024-02-14 18:10:09,033 [INFO] IPUIPlugin:80 - create IPUIPlugin
2024-02-14 18:10:09,033 [INFO] IPUIPlugin:80 - create IPUIPlugin
2024-02-14 18:10:09,033 [INFO] IPUIPlugin:80 - create IPUIPlugin
2024-02-14 18:10:09,033 [INFO] IPUIPlugin:80 - create IPUIPlugin
2024-02-14 18:10:09,033 [INFO] IPUIPlugin:80 - create IPUIPlugin
2024-02-14 18:10:09,034 [INFO] IPUIPlugin:80 - create IPUIPlugin
2024-02-14 18:10:09,034 [INFO] IPUIPlugin:80 - create IPUIPlugin
2024-02-14 18:10:09,034 [INFO] IPUIPlugin:80 - create IPUIPlugin
2024-02-14 18:10:09,034 [INFO] IPUIPlugin:80 - create IPUIPlugin
2024-02-14 18:10:09,034 [INFO] IPUIPlugin:80 - create IPUIPlugin
2024-02-14 18:10:09,034 [INFO] IPUIPlugin:80 - create IPUIPlugin
2024-02-14 18:10:09,035 [INFO] IPUIPlugin:80 - create IPUIPlugin
2024-02-14 18:10:09,036 [INFO] IPUIPlugin:80 - create IPUIPlugin
2024-02-14 18:10:09,036 [INFO] IPUIPlugin:80 - create IPUIPlugin
2024-02-14 18:10:09,037 [INFO] IPUIPlugin:80 - create IPUIPlugin
2024-02-14 18:10:09,037 [INFO] IPUIPlugin:80 - create IPUIPlugin
2024-02-14 18:10:09,037 [INFO] IPUIPlugin:80 - create IPUIPlugin
2024-02-14 18:10:09,037 [INFO] IPUIPlugin:80 - create IPUIPlugin
2024-02-14 18:10:09,037 [INFO] IPUIPlugin:80 - create IPUIPlugin
2024-02-14 18:10:09,037 [INFO] IPUIPlugin:80 - create IPUIPlugin
2024-02-14 18:10:09,038 [INFO] IPUIPlugin:80 - create IPUIPlugin
2024-02-14 18:10:09,038 [INFO] IPUIPlugin:80 - create IPUIPlugin
2024-02-14 18:10:09,038 [INFO] IPUIPlugin:80 - create IPUIPlugin
2024-02-14 18:10:09,038 [INFO] IPUIPlugin:80 - create IPUIPlugin
2024-02-14 18:10:09,038 [INFO] IPUIPlugin:80 - create IPUIPlugin
2024-02-14 18:10:09,038 [INFO] IPUIPlugin:80 - create IPUIPlugin
2024-02-14 18:10:09,039 [INFO] IPUIPlugin:80 - create IPUIPlugin
2024-02-14 18:10:09,039 [INFO] IPUIPlugin:80 - create IPUIPlugin
2024-02-14 18:10:09,039 [INFO] IPUIPlugin:80 - create IPUIPlugin
2024-02-14 18:10:09,039 [INFO] IPUIPlugin:80 - create IPUIPlugin
2024-02-14 18:10:09,039 [INFO] IPUIPlugin:80 - create IPUIPlugin
2024-02-14 18:10:09,039 [INFO] IPUIPlugin:80 - create IPUIPlugin
2024-02-14 18:10:09,040 [INFO] IPUIPlugin:80 - create IPUIPlugin
2024-02-14 18:10:09,040 [INFO] IPUIPlugin:80 - create IPUIPlugin
2024-02-14 18:10:09,040 [INFO] IPUIPlugin:80 - create IPUIPlugin
2024-02-14 18:10:09,041 [INFO] IPUIPlugin:80 - create IPUIPlugin
2024-02-14 18:10:09,041 [INFO] IPUIPlugin:80 - create IPUIPlugin
2024-02-14 18:10:09,041 [INFO] IPUIPlugin:80 - create IPUIPlugin
2024-02-14 18:10:09,042 [INFO] IPUIPlugin:80 - create IPUIPlugin
2024-02-14 18:10:09,042 [INFO] IPUIPlugin:80 - create IPUIPlugin
2024-02-14 18:10:09,042 [INFO] IPUIPlugin:80 - create IPUIPlugin
2024-02-14 18:10:09,042 [INFO] IPUIPlugin:80 - create IPUIPlugin
2024-02-14 18:10:09,043 [INFO] IPUIPlugin:80 - create IPUIPlugin
2024-02-14 18:10:09,043 [INFO] IPUIPlugin:80 - create IPUIPlugin
2024-02-14 18:10:09,043 [INFO] IPUIPlugin:80 - create IPUIPlugin
2024-02-14 18:10:09,044 [INFO] IPUIPlugin:80 - create IPUIPlugin
2024-02-14 18:10:09,044 [INFO] IPUIPlugin:80 - create IPUIPlugin
2024-02-14 18:10:09,044 [INFO] IPUIPlugin:80 - create IPUIPlugin
2024-02-14 18:10:09,044 [INFO] IPUIPlugin:80 - create IPUIPlugin
2024-02-14 18:10:09,045 [INFO] IPUIPlugin:80 - create IPUIPlugin
2024-02-14 18:10:09,045 [INFO] IPUIPlugin:80 - create IPUIPlugin
2024-02-14 18:10:09,045 [INFO] IPUIPlugin:80 - create IPUIPlugin
2024-02-14 18:10:09,045 [INFO] IPUIPlugin:80 - create IPUIPlugin
2024-02-14 18:10:09,046 [INFO] IPUIPlugin:80 - create IPUIPlugin
2024-02-14 18:10:09,046 [INFO] IPUIPlugin:80 - create IPUIPlugin
2024-02-14 18:10:09,046 [INFO] IPUIPlugin:80 - create IPUIPlugin
2024-02-14 18:10:09,046 [INFO] IPUIPlugin:80 - create IPUIPlugin
2024-02-14 18:10:09,047 [INFO] IPUIPlugin:80 - create IPUIPlugin
2024-02-14 18:10:09,047 [INFO] IPUIPlugin:80 - create IPUIPlugin
2024-02-14 18:10:09,047 [INFO] IPUIPlugin:80 - create IPUIPlugin
2024-02-14 18:10:09,048 [INFO] IPUIPlugin:80 - create IPUIPlugin
2024-02-14 18:10:09,048 [INFO] IPUIPlugin:80 - create IPUIPlugin
2024-02-14 18:10:09,048 [INFO] IPUIPlugin:80 - create IPUIPlugin
2024-02-14 18:10:09,049 [INFO] IPUIPlugin:80 - create IPUIPlugin
2024-02-14 18:10:09,049 [INFO] IPUIPlugin:80 - create IPUIPlugin
2024-02-14 18:10:09,049 [INFO] IPUIPlugin:80 - create IPUIPlugin
2024-02-14 18:10:09,049 [INFO] IPUIPlugin:80 - create IPUIPlugin
2024-02-14 18:10:09,050 [INFO] IPUIPlugin:80 - create IPUIPlugin
2024-02-14 18:10:09,050 [INFO] IPUIPlugin:80 - create IPUIPlugin
2024-02-14 18:10:09,225 [INFO] CADModel:165 - CPN selected for project levelSTM32L552ZET6Q
2024-02-14 18:10:09,225 [INFO] CADModel:114 - Register for checkConnection events
2024-02-14 18:10:09,265 [INFO] OpenFileManager:343 - Restore cursor
2024-02-14 18:10:09,603 [WARN] IP:2119 - rtcSecureFull not found: check if there is a RefParameter without a condition.
2024-02-14 18:10:09,604 [WARN] IP:2119 - rtcNonSecureFeatures not found: check if there is a RefParameter without a condition.
2024-02-14 18:10:09,604 [WARN] IP:2119 - RTC_NONSECURE_FEATURE_NONE not found: check if there is a RefParameter without a condition.
2024-02-14 18:10:09,604 [WARN] IP:2119 - RTC_NONSECURE_FEATURE_INIT not found: check if there is a RefParameter without a condition.
2024-02-14 18:10:09,604 [WARN] IP:2119 - RTC_NONSECURE_FEATURE_ALRA not found: check if there is a RefParameter without a condition.
2024-02-14 18:10:09,604 [WARN] IP:2119 - RTC_NONSECURE_FEATURE_ALRB not found: check if there is a RefParameter without a condition.
2024-02-14 18:10:09,604 [WARN] IP:2119 - RTC_NONSECURE_FEATURE_TS not found: check if there is a RefParameter without a condition.
2024-02-14 18:10:09,604 [WARN] IP:2119 - RTC_NONSECURE_FEATURE_CAL not found: check if there is a RefParameter without a condition.
2024-02-14 18:10:09,604 [WARN] IP:2119 - RTC_NONSECURE_FEATURE_WUT not found: check if there is a RefParameter without a condition.
2024-02-14 18:10:09,604 [WARN] IP:2119 - Sec_BKP_Registers1 not found: check if there is a RefParameter without a condition.
2024-02-14 18:10:09,604 [WARN] IP:2119 - backupRegisterStartZone2_gS not found: check if there is a RefParameter without a condition.
2024-02-14 18:10:09,604 [WARN] IP:2119 - backupRegisterStartZone3_gS not found: check if there is a RefParameter without a condition.
2024-02-14 18:10:09,604 [WARN] IP:2119 - rtcSecureFull not found: check if there is a RefParameter without a condition.
2024-02-14 18:10:09,604 [WARN] IP:2119 - rtcNonSecureFeatures not found: check if there is a RefParameter without a condition.
2024-02-14 18:10:09,604 [WARN] IP:2119 - RTC_NONSECURE_FEATURE_NONE not found: check if there is a RefParameter without a condition.
2024-02-14 18:10:09,604 [WARN] IP:2119 - RTC_NONSECURE_FEATURE_INIT not found: check if there is a RefParameter without a condition.
2024-02-14 18:10:09,604 [WARN] IP:2119 - RTC_NONSECURE_FEATURE_ALRA not found: check if there is a RefParameter without a condition.
2024-02-14 18:10:09,604 [WARN] IP:2119 - RTC_NONSECURE_FEATURE_ALRB not found: check if there is a RefParameter without a condition.
2024-02-14 18:10:09,604 [WARN] IP:2119 - RTC_NONSECURE_FEATURE_TS not found: check if there is a RefParameter without a condition.
2024-02-14 18:10:09,604 [WARN] IP:2119 - RTC_NONSECURE_FEATURE_CAL not found: check if there is a RefParameter without a condition.
2024-02-14 18:10:09,604 [WARN] IP:2119 - RTC_NONSECURE_FEATURE_WUT not found: check if there is a RefParameter without a condition.
2024-02-14 18:10:09,604 [WARN] IP:2119 - Sec_BKP_Registers1 not found: check if there is a RefParameter without a condition.
2024-02-14 18:10:09,604 [WARN] IP:2119 - backupRegisterStartZone2_gS not found: check if there is a RefParameter without a condition.
2024-02-14 18:10:09,604 [WARN] IP:2119 - backupRegisterStartZone3_gS not found: check if there is a RefParameter without a condition.
